其它
不定时
按日
自定义：3年
自定义：不定期
自定义：
自定义：有自然灾害时统计更新
自定义：通邮建制村所属
自定义：以后由应急局发
自定义：数据有更新时更新
07
自定义：1
自定义：其他
自定义：不定时
自定义：自定义
自定义：无
自定义：已归档，不再更新
自定义：每年更新一次
自定义：有新执业人员时更新
自定义：每年统计一次
自定义：一年更新一次
自定义：每季度
自定义：根据实际变化情况和上级要求进行更新
自定义：市级司法行政机关负责初审，省 级司法行政机关最终审核
自定义：每年
自定义：评选表彰先进集体需市委市政府统筹批准后方可实施
自定义：按照机构改革后公布
自定义：非实时更新事项
自定义：公证机构执业信息每年更新一次
自定义：规范性文件出台需履行相关程序
自定义：省司法厅统一组织培训考试
自定义：按单位规定更新
自定义：不定更新
自定义：按单位要求更新
自定义：依据工作开展情况更新
自定义：根据项目申请情况更新
自定义：每年更新
自定义：实时更新
自定义：每年进行一次评选
自定义：根据规划项目的进展情况
自定义：每月
自定义：较长时间评一次
自定义：较长时间调整一次
自定义：按照数据产生频率及时更新相关数据
自定义：根据业务实际更新
自定义：根据业务量产生数据
自定义：根据通报随时更新
自定义：每年认定一次
自定义：根据工作情况调整
自定义：每年举办一次
自定义：每年一次
自定义：视业务办理频率而定
自定义：每年按照省厅安排进行评选，2019年暂停，后续情况视省住建厅安排。
自定义：数据在省平台产生
自定义：权力移交市行政审批服务局，本单位仅有移交前的历史数据。
自定义：按照本市计划而定
自定义：按照省计划开展
自定义：2020年暂停，后续情况视省住建厅安排。
自定义：数据在国家平台产生
自定义：按照单位自定义更新
自定义：不定时收集信息
自定义：业务量较少
自定义：数据不定时
自定义：社保转移从转出到办结有时限
自定义：需要企业提交招聘信息
自定义：计算机考试每年一次
自定义：德州市主要河流水情历史信息不定期统计
自定义：德州市供水量非实时统计
自定义：取用水户测点信息没有变化不需要实时更新
自定义：用水户不变无法实时更新
自定义：水库工情信息基本固定，无新水库建设则没有变化
自定义：水土保持项目各县区非实时汇总统计
自定义：水利风景区有新的建设才有更新信息
自定义：河道堤防信息长时间不变，有变更时才予以更新
自定义：大中型水库移民后期扶持以项目为统计
自定义：根据工程情况进行统计
自定义：该目录不定期产生信息
自定义：闸坝信息常年不变
自定义：泵站工程有新增建设才有信息更新
自定义：取水许可权限已经下放到县里，实际已无审批权限。
自定义：德州市水库水情历史信息非实时数据
自定义：德州市水利局建设项目的招标情况信息根据项目的进展情况进行更新
自定义：河流信息内容基本没有变化
自定义：河流信息基本没有变化
自定义：德州市用水量相关信息非实时统计
自定义：编制全市水利发展规划飞固定时间开展
自定义：信息内容基本没有变化
自定义：取用水户测站信息没有变化不需要实时更新
自定义：河道信息常年不变
自定义：水利工程开工备案信息不定期进行综合统计
自定义：水利基建项目初步设计文件审批不定期归档统计
自定义：不定时更新
自定义：不定时产生
自定义：根据实际业务更新
自定义：按照单位要求
自定义：企业信息不定期更新，监测数据实时更新
自定义：不定期更行
自定义：每半年更新一次
自定义：不定期开放
自定义：不定期进行预报
自定义：年度更新
自定义：建设单位自行验收同时将验收相关材料上传至平台
自定义：视政策法规变动
自定义：不定期更新数据
自定义：视企业变动情况
自定义：临时销售点更新时间不固定
自定义：省级园林式居住区（单位）名单数据较为固定，如有增删将及时更新
自定义：主要植物种类较固定
自定义：采集以后更新
自定义：先进集体名单较固定，如有增删将及时更新
自定义：执法人员证件有效期原因
自定义：数据更新频率不确定
自定义：0
自定义：按照上级政策和有关文件执行
自定义：省局印发相关通知
自定义：企业联络员信息
自定义：每年更新新增直销企业联络员信息
自定义：每半年
自定义：按年度更新
自定义：数据每年更新
自定义：数据不定时更新
自定义：数据不定期更新
自定义：系统数据不定时更新
自定义：系统数据每年更新
自定义：省级数据返还，无法实时
自定义：数据由下级单位统计报送
自定义：2018年以后省级部门组织考核
自定义：根据业务办理情况
自定义：根据建设单位申请，不定期更新
自定义：根据实际情况更新
自定义：根据企业申请不定时更新
自定义：实时
自定义：每年一更新
自定义：根据企业申请不定时
自定义：每天
自定义：根据申请不定期办理
自定义：根据企业申请进行不定期更新
自定义：一年
自定义：根据建设单位申请办理，不定期更新
自定义：属于相对固定数据，需要不定期更新
自定义：根据学校增减情况更新
自定义：依认定情况更新
自定义：不定期认定
自定义：学校测试不固定
自定义：按单位要求
自定义：依据上级认定文件要求
自定义：根据上级认定文件更新
自定义：依据上级文件要求
自定义：根据种子机构实际注册情况
自定义：根据上级认定文件
自定义：每两年评选一次
自定义：每三年评选一次
自定义：每年评选一次
自定义：依据省级认定文件要求
自定义：2021年1月1日起执行，有效期一年
自定义：依据省级部门认定通知
自定义：不定期补充
自定义：根据实际情况不定期更新
自定义：根据外交部公布而更新
自定义：标准更新时间不定
自定义：服务网点变化后更新
自定义：及时
自定义：不确定性
自定义：设施维修为持续性工作，根据工作实际情况不定时进行更新
自定义：所辖道路相关信息较为固定，如有新的设施移交将及时更新
自定义：设施设备信息较为固定，因设施移交、改造等原因，信息发生变化时将及时更新
自定义：水体基本信息较为固定，如发生新的整治进度将及时更新
自定义：每年评估一次
自定义：人员因素不确定
自定义：不定期开发
自定义：半年
自定义：存在情况进行更新
自定义：不良行为发生进行更新
自定义：条文变更予以更新
自定义：数据普查不定时更新
自定义：一年一评
自定义：人员变动后更新
自定义：评选后更新
自定义：依上级部门安排
自定义：依商会成立、换届时间
自定义：依执委会换届、调整时间更新
自定义：文化场所数目变更无规律
自定义：根据市场经营情况实时更新
自定义：随企业双体系建设情况而更新
自定义：德城区行业专业性调解组织不定时更新
自定义：根据抽查结果更新
自定义：德城区行业专业性调解员信息不定时更新
自定义：年度汇总归档
自定义：单位设立不定期
自定义：根据相关政策法规文件更新
自定义：根据机电高新企业实际经营情况而定
自定义：根据城区加油站实际经营情况而定
自定义：档案库房管理信息不定时更新
自定义：根据实际工作
自定义：本区域诊所固定变动较小
自定义：依据政策法规适时更新
自定义：根据宾馆实际经营情况而定
自定义：随企业信息更新
自定义：投稿刊发信息不定时更新
自定义：不定期跟新
自定义：根据工作开展情况
自定义：根据实际经营状况更新
自定义：执法人员固定无需实时更新
自定义：按企业变动情况填写
自定义：根据高新技术企业实际经营情况而定
自定义：根据中大型商场实际经营情况而定
自定义：支出总体情况预算信息不定时更新
自定义：根据上级目录更新周期确定
自定义：备案后公示
自定义：根据相关政策法规文件每年更新
自定义：培训时间多为假期
自定义：档案质询服务工作信息不定时更新
自定义：创作精品时间不定
自定义：根据专业市场实际经营情况而定
自定义：免费开放项目比较固定
自定义：执法检查结束
自定义：根据项目更新
自定义：根据便民市场实际营业情况而定
自定义：每年发布
自定义：经营单位设立不定期
自定义：根据智能快件箱实际更新情况而定
自定义：根据实际经营情况更新
自定义： 不定期更新
自定义：按上级工作安排
自定义：信息汇总
自定义：根据巡查情况
自定义：根据机电企业实际经营情况而定
自定义：根据电子商务企业实际经营情况而定
自定义：根据企业情况进行更新
自定义：根据零售企业实际经营状况而定
自定义：档案馆传统载体档案数字化结果不定时更新
自定义：根据国营加油站实际经营情况而定
自定义：根据农产品进出口企业实际经营情况而定
自定义：一般公共预算基本支出预算信息不定时更新
自定义：根据实际经营情况而定
自定义：根据集贸市场经营情况而定
自定义：不定期申请
自定义：根据实际情况开放
自定义：新增指标统计档案不具备实时性，需待有新增数据时才能进行更新
自定义：非实时更新
自定义：定期
自定义：时时在变化
自定义：/
自定义：按实际情况更新
自定义： 非实时更新
自定义：根据全区汽车销售企业的变更来汇总信息
自定义：信访信息不定期发生
自定义：随数据变化更新
自定义：每月更新
自定义：数据不定期产生
自定义：省级清单认领
自定义：收集审核更新完成进行上传
自定义：实际市场需求更新
自定义：本部门新增
自定义：企业自行监测统计信息制作完成进行更新
自定义：群众不定期申请
自定义：每年统计
自定义：河流断面监测信息档案制作完成进行上传
自定义：不定期进行信息更新
自定义：根据标准物质使用情况不定期更新
自定义：根据资质认定情况不定期更新
自定义：一年一次普查
自定义：根据抽检工作情况不定期更新
自定义：活动周期长
自定义：每年度
自定义：表格制作完成进行更新
自定义：每半年一次
自定义：随时形成随时更新
自定义：根据仪器设备更新情况不定期更新
自定义：表格制作完成进行上传
自定义：依局办事群众申请频率更新
自定义：根据监测情况更新数据
自定义：信访事项不定期发生
自定义：数据归集时间不固定
自定义：不定期归集数据
自定义：公租房信息每年进行一次审核
自定义：相关数据不定期归集
自定义：每年更新信息
自定义：存在处罚即更新
自定义：依据食品检验结果进行更新
自定义：每年度收集归纳信息
自定义：地方企业快报《利润及相关指标表》数据字段
自定义：1年统计更新1次
自定义：依据现实情况不定时更新
自定义：每年公示后更新
自定义：信息固定
自定义：有项目开工建设将进行更新
自定义：依政策申请使用管理
自定义：依申请备案
自定义：依据现场监管信息不定时更新
自定义：公开的相关信息不定时更新
自定义：限时开放
自定义：依据评定实际情况进行更新
自定义：不定期查处并汇总更新
自定义：不定期收集信息
自定义：按文件规定更新
自定义：根据实际情况自定义酌情
自定义：存在实施项目即更新
自定义：燃气企业不定期维护
自定义：存在实施项目即进行更新
自定义：宁津县分税种财政收入情况
自定义：每年信息一归集
自定义：公路路线基础信息有变动即更新
自定义：照实更新
自定义：数据新增
自定义：依工作实际
自定义：生活必需品市场监测不定期更新
自定义：依据实际情况进行更新
自定义：非高频事项，不定期更新
自定义：依据实际情况
自定义：非高频事项，不定期开放
自定义：不定时归集
自定义：产生数据后更新
自定义：节水企业新增时才更新
自定义：定期帮扶贫困户
自定义：依据实际
自定义：非高频事项，不定时更新
自定义：每年按工作进展
自定义：管网信息变化时才更新
自定义：数据不定期汇集更新
自定义：洁净庭院 活动登记表非实时更新
自定义：营商环境评价政务服务指标样本企业非实时更新
自定义：工作需要
自定义：法律、法规更新时间不确定
自定义：内部资料，更新时间不固定
自定义：加油站名单不定期更新
自定义：创城分组表非实时更新
自定义：年终总结
自定义：企业检查基本情况不定期
自定义：不定期开展检查
自定义：按每年工作情况
自定义：随检查更新
自定义：进出口企业情况不定期
自定义：村庄信息变化时更新
自定义：再生资源回收者经营备案不定期
自定义：年度更新重污染天气预案修订、预案发布、重污染天气应对等信息
自定义：依申请办理
自定义：办理成品油零售网点许可证不定期
自定义：自定义更新
自定义：根据事项办理频率不定期开放
自定义：外资企业情况不定期
自定义：工会会员列表非实时更新
自定义：根据事项的 办理频率，不定期开放
自定义：年度更新企业基本信息及主要生产装置、主要产品及产能、主要原辅材料、产排污环节、污染防治设施、环境影响评价等信息
自定义：高频事项，不定时更新
自定义：全县闸坝信息基本不变，变化时才更新
自定义：大中型水库水情不定时更新
自定义：不固定更新时间
自定义：自建小区疫情防控活动登记表不定期更新
自定义：不定期检查
自定义：年度更新企业名称、县（市、区）名称、经度、维度、组织机构代码、污染源类别
自定义：依据实际检查情况
自定义：依申请开放
自定义：每年对康复健身指导员信息汇总
自定义：非高频事项不定期更新
自定义：有则更新
自定义：业务不固定
自定义：根据开放工作安排
自定义：业务不定期考核
自定义：业务不定期
自定义：月度定期更新
自定义：有责更新
自定义：不定期整理
自定义：招聘结束后
自定义：新建时更新
自定义：不定期更新土壤墒情监测信息
自定义：有则开放
自定义：不定期更新农作物种子管理及技术服务信息
自定义：申请
自定义：不定期更新农产品生产基地信息
自定义：不定期统计
自定义：周期导出本年度信息
自定义：根据实际更新
自定义：按审定
自定义：定期更新数据
自定义：汇总后更新
自定义：年
自定义：每半年更新
自定义：数据服务不定期
自定义：根据实际情况及时更新
自定义：更新周期时效
自定义：根据公示情况进行更新
自定义：信息产生频率慢
自定义：每年数据更新
自定义：更新时间较慢
自定义：五年
自定义：更新周期较长
自定义：数据更新周期较长
自定义：平原县测绘资质单位信息
自定义：数据更新时间较长
自定义：根据实际情况进行更新
自定义：信息更新周期不确定
自定义：每半年数据更新
自定义：公厕信息更新不频繁
自定义：数据更新周期长
自定义：不定时开放
自定义：根据慰问情况及时更新
自定义：农业
自定义：不定期开展
自定义：畜禽养殖无公害每年申报后，由上级部门评审后确定通过后进行公示
自定义：每年中高级职称申报，由人社部门评审后确定是否通过
自定义：每月巡河
自定义：更新周期长
自定义：根据实际统计情况对此进行更新
自定义：因业务周期导致
自定义：根据业务办理情况及时更新
自定义：根据检查行为做出的时间更新
自定义：根据公示更新
自定义：不连续发生
自定义：项目周期较长
自定义：根据教职人员的现实情况进行变更
自定义：信息产生时间周期较长
自定义：项目更新周期慢
自定义：根据场所负责人的变更进行更新
自定义：根据每年的实际情况进行统计
自定义：依据宗教活动场所更新时间进行更新
自定义：根据实际情况对企业产品进行统计和公布
自定义：根据场所的现实情况作出变更
自定义：根据业务情况
自定义：信息更新时间长
自定义：信息产生的周期较长
自定义：违法数据较少
自定义：及时归集数据
自定义：根据山东省国脉系统数据进行不定期更新
自定义：不定期获得荣誉称号
自定义：统计更新
自定义：重点排污单位企业名录更新
自定义：根据特殊教育信息实时更新
自定义：根据实际信息更新
自定义：有新信息产生及时发布
自定义：政务服务事项认领
自定义：不定期归集
自定义：根据数据信息更新情况，实时更新
自定义：根据办理情况
自定义：有新内容及时更新
自定义：及时开放
自定义：根据总量确认数量不定期更新
自定义：单位帮扶责任人变化更新
自定义：新认定高新技术企业每年一通报
自定义：根据上级监测方案进行监测
自定义：高新技术企业数量每年已更新
自定义：根据归集时间开放共享
自定义： 根据实际信息更新
自定义：签订公开
自定义：夏津县二手车经营主体信息
自定义：根据业务更新频率
自定义：根据政策情况即时更新
自定义：根据现实情况进行增减
自定义：根据上级文件要求
自定义：依统计业务
自定义：依系统抓取业务
自定义：根据检查业务需要
自定义：档案库房温湿度记录表信息为定期检查和不定期抽查产生
自定义：根据补助业务需要
自定义：依据农户跨区情况而定
自定义：根据实际营业情况即时更新
自定义：补贴发放后更新
自定义：依申请
自定义：不定期有数据
自定义：根据现实营业情况进行增减
自定义：依实际情况更新
自定义：根据工作需要
自定义：根据实际营业情况进行增减
自定义：不定期业务
自定义：依据农户购置情况而定
自定义：公文不定时更新
自定义：以实际情况更新
自定义：依选聘业务
自定义：本单位新增
自定义：按实际
自定义：按月统计补卡人员情况
自定义：年度汇总
自定义：一年一次
自定义：业务办理不定期
自定义：统计挂失信息后更新
自定义：按需
自定义：德州市专业技术职务资格评审公布后更新
自定义：省级认领
自定义：尽快
自定义：德州市有突出贡献的技师信息公布后更新
自定义：乐陵市技能大师工作室相对固定
自定义：根据每年培训情况而定
自定义：城建计划发布后更新
自定义：检查出擅自从事出租客运经营时进行更新
自定义：不定期更新一次
自定义：依受理
自定义：根据入藏时间更新
自定义：根据工作进展情况
自定义：人民陪审员名单为上级部门审批确定。
自定义：根据情况更新
自定义：依受理情况更新
自定义：依受理情况
自定义：根据人员变更进行更新
自定义：年报
自定义：根据工作需求
自定义：有查出新的改装车时进行更新
自定义：按要求更新
自定义：根据情况实时更新
自定义：根据新增更新
自定义：根据评选结果
自定义：未有更新
自定义：委员会信息无周期性
自定义：根据调整更新
自定义：申请变更
自定义：根据设备情况不定期更新
自定义：每3年
自定义：目前不开展此工作，有新增后更新
自定义：业务已于2019年结束，数据不再更新
自定义：下一届企业攀登工程评选后
自定义：下一届攀登工程企业评选后
自定义：下一届济宁市攀登工程企业评选后
自定义：企业淘汰产能完成后更新
自定义：每五年一次
自定义：系短期政策，数据不再更新
自定义：两年一届
自定义：业务已下放至县市区，市直不再有业务，数据不再更新
自定义：根据业务开展情况
自定义：变更时
自定义：新增时
自定义：社区（村）换届
自定义：根据申请办理情况及时更新
自定义：根据培训情况及时更新
自定义：根据具体情况更新
自定义：根据河蟹大赛举办情况进行更新
自定义：根据培训情况进行更新
自定义：根据调查情况更新
自定义：根据组织培训情况更新
自定义：根据退休人员情况及时更新
自定义：根据名录变化情况及时更新
自定义：根据办理情况更新
自定义：根据抽检情况更新
自定义：根据服务人员变化情况及时更新
自定义：根据业务办理情况更新
自定义：按照市局规定
自定义：不需更新
自定义：不重复
自定义：随业务变动而更新
自定义：根据工作要求更新
自定义：按业务工作开展情况更新
自定义：按照变动情况更新
自定义：按工作开展情况更新
自定义：根据工作开展情况更新
自定义：根据变动情况更新
自定义：按完成情况更新
自定义：按办理情况更新
自定义：根据实际进行更新
自定义：根据推送信息及时更新
自定义：根据具体情况
自定义：根据检查情况更新
自定义：待新进人员进入单位后再更新人员信息
自定义：不确定更新周期
自定义：根据人员变动情况
自定义：根据增加情况更新
自定义：根据道路修建情况更新
自定义：变动更新
自定义：有增加即更新
自定义：视情况变动
自定义：根据实际变动更新
自定义：根据变动更新
自定义：按照实际情况不定期更新
自定义：根据评选时间
自定义：根据工作实际
自定义：按照省市开展认定工作时间更新
自定义：根据实际情况即时更新
自定义：有变更再更新
自定义：根据数量增减更新
自定义：按照实际情况更新
自定义：依据实际比赛情况更新
自定义：视具体情况
自定义：有更新时
自定义：随实际情况更新
自定义：不定
自定义：每五年
自定义：如有变化，即时更新
自定义：如有变化即时更新
自定义：即时更新
自定义：暂无
自定义：视情况
自定义：根据情况
自定义：跟据情况
自定义：有新表彰时更新
自定义：其他周期
自定义：其他更新周期
自定义：每四年
自定义：根据业务不定期
自定义：根据业务不定期更新
自定义：每年按照实际情况更新
自定义：根据需要及时更新
自定义：根据来访及时更新
自定义：每年按变化更新
自定义：根据友好交流开展情况及时更新
自定义：及时更新
自定义：根据友城变动及时更新
自定义：根据交流事项及时更新
自定义：根据涉外安全情况及时更新
自定义：每年按实际更新
自定义：根据调整及时更新
自定义：每年按情况更新
自定义：按时更新
自定义：新信息完成后的20个工作日
自定义：信息变更后的20天
自定义：信息更改后的20天
自定义：信息变更后20个工作日
自定义：信息更新后20天内更新
自定义：信息更改后
自定义：信息变更47后的20天
自定义：依据省科技厅每年下达通报的时间更新
自定义：及时公示
自定义：公办高中学校信息产生变动
自定义：评定时间不确定
自定义：天
自定义：每年公布一次
自定义：按数据变化情况随时更新
自定义：根据省档案馆下发名单时间更新
自定义：根据工作实际开展情况更新相关信息
自定义：根据商会组织变化更新
自定义：根据实际工作情况
自定义：有相关数据及时上传
自定义：有数据及时更新
自定义：以每届最美退役军人评选为更新周期
自定义：根据每年的评选更新
自定义：根据实际需要，不定期更新
自定义：根据每年的评价更新
自定义：根据上级要求及时更新相关企业名单
自定义：发生变化后更新
自定义：道路调整后更新
自定义：变更后更新
自定义：  不定期更新
自定义：路长变更后更新
自定义：工作量变化后更新
自定义：工程调整后更新
自定义：根据工作进展需要
自定义：根据工作情况公开
自定义：按评选时间
自定义：按变动
自定义：按公布时间
自定义：按评选
自定义：按获批文件出台时间
自定义：每两年评选 一次
自定义：按聘任时间
自定义：不定期更新相关信息
自定义：涉及到企业标准变更数据可能需要整理。
自定义：根据租赁情况而定
自定义：根据办结情况而定
自定义：以业务实际产生数据为准
自定义：以业务产生数据为准
自定义：以实际业务数据产生时间为准
自定义：每天更新
自定义：根据省科技厅组织开展的时间确定
自定义：根据科技部组织开展的时间确定
自定义：依据三定方案更新
自定义：根据符合条件的企业成立时间
自定义：根据省局安排
自定义：不定期进行宣传推介全市项目
自定义：根据需要对目录自定义更新
自定义：有新增地震应急避难场所
自定义：有新增省级地震科普示范学校时
自定义：根据业务办理情况实时更新
自定义：原则上3年一更新，不超过5年
自定义：每年申报一次
自定义：数据有调整时更新
自定义：数据每天更新一次
自定义：随时更新
自定义：依据住房公积金政策调整
自定义：住房公积金业务办理网点地址不定期更新
自定义：住房公积金年度信息更新
自定义：市公积金中心下属各分支（办事）机构地址
自定义：依据住房公积金政策规定进行调整
自定义：名人有变动时更新
自定义：服务周期3年
自定义：按照省厅认定通知，及时更新认定数据。
自定义：根据政府公布名录文件更新
自定义：随审计法规依据信息更替更新。
自定义：实时开放
自定义：根据市文化和旅游局公布文件
自定义：不定期举行
自定义：企业职工正常退休
自定义：不定期共享
自定义：随年度审计项目计划公开更新
自定义：区文化和旅游局公布文件
自定义：开放
自定义：对外贸易经营者信息不定期更新
自定义：不定期进行更新
自定义：不定期对目录进行更新
自定义：不定期对目录进行更新维护
自定义：不定期更新开放数据
自定义：不定期评选
自定义：无条件开放
自定义：不定期公开
自定义：根据行政处理数量不定期公开
自定义：根据工作安排信息公开
自定义：根据医疗机构开通定点医疗服务开放
自定义：每季度更新
自定义：根据工作安排
自定义：根据工作安排都执法人员信息公开
自定义：不定期统计公布
自定义：不定期对开放目录进行更新
自定义：不定期公开目录
自定义：根据实际情况不定期开放
自定义：每年度更新
自定义：每年度开放
自定义：依据工作开展情况确定。
自定义：依据工作开展情况确定
自定义：代理记账机构每年备案1次
自定义：监管单位抽检
自定义：根据免学费人员确定时间
自定义：根据业务提出申请
自定义：根据要求时间
自定义：根据申请时间
自定义：根据上级业务部门公开时间及时开放
自定义：月报更新后
自定义：根据上级业务部门补助通知及时开放
自定义： 不定期
自定义：根据上级要求开放
自定义：根据发布时间
自定义：  不定期
自定义：月报发布后
自定义：根据信息统计或发布时间
自定义：学校网络安全设备配备情况
自定义：据信息统计或发布时间
自定义： 根据信息统计或发布时间
自定义：依实际变更
自定义：集体合同基本情况登记(企业方)信息
自定义：每季度更新一次
自定义：检查数据实时录入
自定义：依需要
自定义：按规定公开
自定义：按需发布
自定义：年度诸城市农资企业门店（合作社）
自定义：年度
自定义：上级文件规定，不定期更新
自定义：审验完成后，录入信息
自定义：以实际申报为准
自定义：集体合同备案意见书信息
自定义：审批后录入
自定义：工资集体协议基本情况登记
自定义：根据上级政策规定，不定期更新
自定义：集体合同基本情况登记(职工方)信息
自定义：审验完成，更新信息。
自定义：根据变更情况更新
自定义：上级政策规定，不定期更新
自定义：根据政策规定，不定期更新
自定义：新增企业后及时更新
自定义：根据上级文件规定，不定期更新
自定义：根据银行网点变更的实际情况进行更新
自定义：每当有新证件产生之后，即时更新
自定义：监督检查后，更新信息。
自定义：不定期上传
自定义：上级规定，不定期更新
自定义：根据统计局每月发布数据整理
自定义：按规定更新
自定义：无条件
自定义：数据发生变化及时更新
自定义：企业通过评定后随时更新
自定义：有数据更新立即更新
自定义：数据上报潍坊后同步进行更新
自定义：公示时更新
自定义：变更时更新
自定义：政策变化时更新
自定义：根据上级培训任务随时上传
自定义：参保单位有增减变化时更新
自定义：招聘时更新
自定义：基数变化时更新
自定义：缴费比例调整时更新
自定义：公示后更新
自定义：有增减变化时更新
自定义：人员增减变化时更新
自定义：学校清单发生变化及时更新
自定义：公示时同步更新
自定义：最新一批获评人员名单公布后更新
自定义：有新增参保项目时更新
自定义：清单发生变化及时更新
自定义：评选时更新
自定义：单位有增减变化时更新
自定义：以最后一次上传数据为准，前期数据无效
自定义：有新成立的数字经济企业随时更新
自定义：企业通过审定后随时更新
自定义：名单公示时更新
自定义：        不定期
自定义：上级组织考试时，及时发布相关信息
自定义：学校清单变化及时更新
自定义：根据泵站增减
自定义：变动时更新
自定义：名单有增减变化时更新
自定义：发放时更新
自定义：每次评选结果公布后更新
自定义：职业培训学校有增减变化时更新
自定义：利率变化时更新
自定义：不定期申报审批
自定义：有新入选时更新
自定义：上级出台该项激励政策时更新
自定义：数据上报潍坊时同步更新
自定义：无上级命令，不作变更
自定义：变化时更新
自定义：上级标准变化时更新
自定义：学校清单有变动及时更新
自定义：组织招聘时更新
自定义：信息变动时更新
自定义：有新信息及时导入
自定义：根据政府投资项目立项情况进行更新
自定义：根据办理情况不定期更新
自定义：数据变动时更新
自定义：每周
自定义：调整时及时更新
自定义：有变化随时更新
自定义：不确定
自定义：调整时更新
自定义：根据执法检查情况不定期上传
自定义：按照最新要求进行更新
自定义：审批后录入信息
自定义：名单变动时更新
自定义：根据行政处罚情况不定期上传
自定义：有新信息时及时导入信息
自定义：高龄补贴是季度发放
自定义：审批后信息录入
自定义：按要求进行更新
自定义：每年进行更新
自定义：有变动的时候更新
自定义：有变更时更新
自定义：根据实际情况不定时更新
自定义：年初
自定义：不定时进行更新
自定义：无c
自定义：根据调整不定期公布
自定义：根据实际办件信息更新
自定义：不宝期
自定义：每年一次培训后进行更新
自定义：根据实际工作确定
自定义：更新企业
自定义：根据实际变化情况更新
自定义：居民养老丧葬补助金每年汇总一次
自定义：省级技术创新项目名单
自定义：成品油经营网点分布管理信息
自定义：历年地区生产总值指数信息
自定义：历年地区生产总值信息
自定义：权责清单目录分表(其他权力类)
自定义：昌邑市“十佳”教师、优秀教师、先进工作者评选表彰信息
自定义：粮食存储技术规范的监督检查信息
自定义：昌邑市行政审批服务局行政执法人员公示
自定义：防汛人员信息
自定义：车辆更新时更新
自定义：昌邑市事业单位设立登记信息
自定义：中标公告信息
自定义：残疾学生和贫困残疾人子女助学补贴给付信息
自定义：储备粮、其他政策性粮食的例行监测
自定义：普通高中招生工作相关政策信息
自定义：机动车检测机构名录信息
自定义：教育公用经费拨付信息
自定义：残疾人扶贫救助信息
自定义：夏季高考考点考场设置
自定义：全市历年农业统计主要指标信息
自定义：充电器
自定义：不定期监管
自定义：农村危房改造信息
自定义：成人高考考点考场设置
自定义：昌邑市事业单位变更登记信息
自定义：对粮食计量标准的监督检查信息
自定义：昌邑市事业单位法人注销登记信息
自定义：全市历年工业总产值信息
自定义： 高中学业水平合格考考点考场设置
自定义：建设工程档案接收和验收信息
自定义：残疾儿童、贫困残疾人康复救助信息
自定义：昌邑市委编办“双随机一公开”抽查单位信息
自定义：初中信息技术应用水平考试考点考场设置
自定义：组织实施残疾人按比例就业信息
自定义：建设工程档案报送责任书签订信息
自定义：根据实际工作更新
自定义：省目录修改后
自定义：每年12月底更新数据
自定义：每次发证后更新
自定义：每年12月份更新数据
自定义：根据工作情况不定期发布信息
自定义：人口普查数据公开
自定义：已申请办理
自定义：依据需要更新
不可交换

有自然灾害时统计更新
通邮建制村所属
以后由应急局发
数据有更新时更新
07
1
无
已归档，不再更新
每年更新一次
有新执业人员时更新
每年统计一次
一年更新一次
根据实际变化情况和上级要求进行更新
市级司法行政机关负责初审，省 级司法行政机关最终审核
评选表彰先进集体需市委市政府统筹批准后方可实施
按照机构改革后公布
非实时更新事项
公证机构执业信息每年更新一次
规范性文件出台需履行相关程序
省司法厅统一组织培训考试
按单位规定更新
不定更新
按单位要求更新
依据工作开展情况更新
根据项目申请情况更新
每年更新
根据规划项目的进展情况
较长时间评一次
较长时间调整一次
按照数据产生频率及时更新相关数据
根据业务实际更新
根据业务量产生数据
根据通报随时更新
每年认定一次
根据工作情况调整
每年举办一次
每年一次
视业务办理频率而定
每年按照省厅安排进行评选，2019年暂停，后续情况视省住建厅安排。
数据在省平台产生
权力移交市行政审批服务局，本单位仅有移交前的历史数据。
按照本市计划而定
按照省计划开展
2020年暂停，后续情况视省住建厅安排。
数据在国家平台产生
按照单位自定义更新
不定时收集信息
业务量较少
数据不定时
社保转移从转出到办结有时限
需要企业提交招聘信息
计算机考试每年一次
德州市主要河流水情历史信息不定期统计
德州市供水量非实时统计
取用水户测点信息没有变化不需要实时更新
用水户不变无法实时更新
水库工情信息基本固定，无新水库建设则没有变化
水土保持项目各县区非实时汇总统计
水利风景区有新的建设才有更新信息
河道堤防信息长时间不变，有变更时才予以更新
大中型水库移民后期扶持以项目为统计
根据工程情况进行统计
该目录不定期产生信息
闸坝信息常年不变
泵站工程有新增建设才有信息更新
取水许可权限已经下放到县里，实际已无审批权限。
德州市水库水情历史信息非实时数据
德州市水利局建设项目的招标情况信息根据项目的进展情况进行更新
河流信息内容基本没有变化
河流信息基本没有变化
德州市用水量相关信息非实时统计
编制全市水利发展规划飞固定时间开展
信息内容基本没有变化
取用水户测站信息没有变化不需要实时更新
河道信息常年不变
水利工程开工备案信息不定期进行综合统计
水利基建项目初步设计文件审批不定期归档统计
不定时更新
不定时产生
根据实际业务更新
按照单位要求
企业信息不定期更新，监测数据实时更新
不定期更行
每半年更新一次
不定期开放
不定期进行预报
年度更新
建设单位自行验收同时将验收相关材料上传至平台
视政策法规变动
不定期更新数据
视企业变动情况
临时销售点更新时间不固定
省级园林式居住区（单位）名单数据较为固定，如有增删将及时更新
主要植物种类较固定
采集以后更新
先进集体名单较固定，如有增删将及时更新
执法人员证件有效期原因
数据更新频率不确定
0
按照上级政策和有关文件执行
省局印发相关通知
企业联络员信息
每年更新新增直销企业联络员信息
按年度更新
数据每年更新
数据不定时更新
数据不定期更新
系统数据不定时更新
系统数据每年更新
省级数据返还，无法实时
数据由下级单位统计报送
2018年以后省级部门组织考核
根据业务办理情况
根据建设单位申请，不定期更新
根据实际情况更新
根据企业申请不定时更新
每年一更新
根据企业申请不定时
根据申请不定期办理
根据企业申请进行不定期更新
根据建设单位申请办理，不定期更新
属于相对固定数据，需要不定期更新
根据学校增减情况更新
依认定情况更新
不定期认定
学校测试不固定
按单位要求
依据上级认定文件要求
根据上级认定文件更新
依据上级文件要求
根据种子机构实际注册情况
根据上级认定文件
每两年评选一次
每三年评选一次
每年评选一次
依据省级认定文件要求
2021年1月1日起执行，有效期一年
依据省级部门认定通知
不定期补充
根据实际情况不定期更新
根据外交部公布而更新
标准更新时间不定
服务网点变化后更新
及时
不确定性
设施维修为持续性工作，根据工作实际情况不定时进行更新
所辖道路相关信息较为固定，如有新的设施移交将及时更新
设施设备信息较为固定，因设施移交、改造等原因，信息发生变化时将及时更新
水体基本信息较为固定，如发生新的整治进度将及时更新
每年评估一次
人员因素不确定
不定期开发
存在情况进行更新
不良行为发生进行更新
条文变更予以更新
数据普查不定时更新
一年一评
人员变动后更新
评选后更新
依上级部门安排
依商会成立、换届时间
依执委会换届、调整时间更新
文化场所数目变更无规律
根据市场经营情况实时更新
随企业双体系建设情况而更新
德城区行业专业性调解组织不定时更新
根据抽查结果更新
德城区行业专业性调解员信息不定时更新
年度汇总归档
单位设立不定期
根据相关政策法规文件更新
根据机电高新企业实际经营情况而定
根据城区加油站实际经营情况而定
档案库房管理信息不定时更新
根据实际工作
本区域诊所固定变动较小
依据政策法规适时更新
根据宾馆实际经营情况而定
随企业信息更新
投稿刊发信息不定时更新
不定期跟新
根据工作开展情况
根据实际经营状况更新
执法人员固定无需实时更新
按企业变动情况填写
根据高新技术企业实际经营情况而定
根据中大型商场实际经营情况而定
支出总体情况预算信息不定时更新
根据上级目录更新周期确定
备案后公示
根据相关政策法规文件每年更新
培训时间多为假期
档案质询服务工作信息不定时更新
创作精品时间不定
根据专业市场实际经营情况而定
免费开放项目比较固定
执法检查结束
根据项目更新
根据便民市场实际营业情况而定
每年发布
经营单位设立不定期
根据智能快件箱实际更新情况而定
根据实际经营情况更新
按上级工作安排
信息汇总
根据巡查情况
根据机电企业实际经营情况而定
根据电子商务企业实际经营情况而定
根据企业情况进行更新
根据零售企业实际经营状况而定
档案馆传统载体档案数字化结果不定时更新
根据国营加油站实际经营情况而定
根据农产品进出口企业实际经营情况而定
一般公共预算基本支出预算信息不定时更新
根据实际经营情况而定
根据集贸市场经营情况而定
不定期申请
根据实际情况开放
新增指标统计档案不具备实时性，需待有新增数据时才能进行更新
非实时更新
定期
时时在变化
/
按实际情况更新
根据全区汽车销售企业的变更来汇总信息
信访信息不定期发生
随数据变化更新
每月更新
数据不定期产生
省级清单认领
收集审核更新完成进行上传
实际市场需求更新
本部门新增
企业自行监测统计信息制作完成进行更新
群众不定期申请
每年统计
河流断面监测信息档案制作完成进行上传
不定期进行信息更新
根据标准物质使用情况不定期更新
根据资质认定情况不定期更新
一年一次普查
根据抽检工作情况不定期更新
活动周期长
每年度
表格制作完成进行更新
每半年一次
随时形成随时更新
根据仪器设备更新情况不定期更新
表格制作完成进行上传
依局办事群众申请频率更新
根据监测情况更新数据
信访事项不定期发生
数据归集时间不固定
不定期归集数据
公租房信息每年进行一次审核
相关数据不定期归集
每年更新信息
存在处罚即更新
依据食品检验结果进行更新
每年度收集归纳信息
地方企业快报《利润及相关指标表》数据字段
1年统计更新1次
依据现实情况不定时更新
每年公示后更新
信息固定
有项目开工建设将进行更新
依政策申请使用管理
依申请备案
依据现场监管信息不定时更新
公开的相关信息不定时更新
限时开放
依据评定实际情况进行更新
不定期查处并汇总更新
不定期收集信息
按文件规定更新
根据实际情况自定义酌情
存在实施项目即更新
燃气企业不定期维护
存在实施项目即进行更新
宁津县分税种财政收入情况
每年信息一归集
公路路线基础信息有变动即更新
照实更新
数据新增
依工作实际
生活必需品市场监测不定期更新
依据实际情况进行更新
非高频事项，不定期更新
依据实际情况
非高频事项，不定期开放
不定时归集
产生数据后更新
节水企业新增时才更新
定期帮扶贫困户
依据实际
非高频事项，不定时更新
每年按工作进展
管网信息变化时才更新
数据不定期汇集更新
洁净庭院 活动登记表非实时更新
营商环境评价政务服务指标样本企业非实时更新
工作需要
法律、法规更新时间不确定
内部资料，更新时间不固定
加油站名单不定期更新
创城分组表非实时更新
年终总结
企业检查基本情况不定期
不定期开展检查
按每年工作情况
随检查更新
进出口企业情况不定期
村庄信息变化时更新
再生资源回收者经营备案不定期
年度更新重污染天气预案修订、预案发布、重污染天气应对等信息
依申请办理
办理成品油零售网点许可证不定期
自定义更新
根据事项办理频率不定期开放
外资企业情况不定期
工会会员列表非实时更新
根据事项的 办理频率，不定期开放
年度更新企业基本信息及主要生产装置、主要产品及产能、主要原辅材料、产排污环节、污染防治设施、环境影响评价等信息
高频事项，不定时更新
全县闸坝信息基本不变，变化时才更新
大中型水库水情不定时更新
不固定更新时间
自建小区疫情防控活动登记表不定期更新
不定期检查
年度更新企业名称、县（市、区）名称、经度、维度、组织机构代码、污染源类别
依据实际检查情况
依申请开放
每年对康复健身指导员信息汇总
非高频事项不定期更新
有则更新
业务不固定
根据开放工作安排
业务不定期考核
业务不定期
月度定期更新
有责更新
不定期整理
招聘结束后
新建时更新
不定期更新土壤墒情监测信息
有则开放
不定期更新农作物种子管理及技术服务信息
申请
不定期更新农产品生产基地信息
不定期统计
周期导出本年度信息
根据实际更新
按审定
定期更新数据
汇总后更新
每半年更新
数据服务不定期
根据实际情况及时更新
更新周期时效
根据公示情况进行更新
信息产生频率慢
每年数据更新
更新时间较慢
五年
更新周期较长
数据更新周期较长
平原县测绘资质单位信息
数据更新时间较长
根据实际情况进行更新
信息更新周期不确定
每半年数据更新
公厕信息更新不频繁
数据更新周期长
不定时开放
根据慰问情况及时更新
农业
不定期开展
畜禽养殖无公害每年申报后，由上级部门评审后确定通过后进行公示
每年中高级职称申报，由人社部门评审后确定是否通过
每月巡河
更新周期长
根据实际统计情况对此进行更新
因业务周期导致
根据业务办理情况及时更新
根据检查行为做出的时间更新
根据公示更新
不连续发生
项目周期较长
根据教职人员的现实情况进行变更
信息产生时间周期较长
项目更新周期慢
根据场所负责人的变更进行更新
根据每年的实际情况进行统计
依据宗教活动场所更新时间进行更新
根据实际情况对企业产品进行统计和公布
根据场所的现实情况作出变更
根据业务情况
信息更新时间长
信息产生的周期较长
违法数据较少
及时归集数据
根据山东省国脉系统数据进行不定期更新
不定期获得荣誉称号
统计更新
重点排污单位企业名录更新
根据特殊教育信息实时更新
根据实际信息更新
有新信息产生及时发布
政务服务事项认领
不定期归集
根据数据信息更新情况，实时更新
根据办理情况
有新内容及时更新
及时开放
根据总量确认数量不定期更新
单位帮扶责任人变化更新
新认定高新技术企业每年一通报
根据上级监测方案进行监测
高新技术企业数量每年已更新
根据归集时间开放共享
签订公开
夏津县二手车经营主体信息
根据业务更新频率
根据政策情况即时更新
根据现实情况进行增减
根据上级文件要求
依统计业务
依系统抓取业务
根据检查业务需要
档案库房温湿度记录表信息为定期检查和不定期抽查产生
根据补助业务需要
依据农户跨区情况而定
根据实际营业情况即时更新
补贴发放后更新
依申请
不定期有数据
根据现实营业情况进行增减
依实际情况更新
根据工作需要
根据实际营业情况进行增减
不定期业务
依据农户购置情况而定
公文不定时更新
以实际情况更新
依选聘业务
本单位新增
按实际
按月统计补卡人员情况
年度汇总
一年一次
业务办理不定期
统计挂失信息后更新
按需
德州市专业技术职务资格评审公布后更新
省级认领
尽快
德州市有突出贡献的技师信息公布后更新
乐陵市技能大师工作室相对固定
根据每年培训情况而定
城建计划发布后更新
检查出擅自从事出租客运经营时进行更新
不定期更新一次
依受理
根据入藏时间更新
根据工作进展情况
人民陪审员名单为上级部门审批确定。
根据情况更新
依受理情况更新
依受理情况
根据人员变更进行更新
年报
根据工作需求
有查出新的改装车时进行更新
按要求更新
根据情况实时更新
根据新增更新
根据评选结果
未有更新
委员会信息无周期性
根据调整更新
申请变更
根据设备情况不定期更新
每3年
目前不开展此工作，有新增后更新
业务已于2019年结束，数据不再更新
下一届企业攀登工程评选后
下一届攀登工程企业评选后
下一届济宁市攀登工程企业评选后
企业淘汰产能完成后更新
每五年一次
系短期政策，数据不再更新
两年一届
业务已下放至县市区，市直不再有业务，数据不再更新
根据业务开展情况
变更时
新增时
社区（村）换届
根据申请办理情况及时更新
根据培训情况及时更新
根据具体情况更新
根据河蟹大赛举办情况进行更新
根据培训情况进行更新
根据调查情况更新
根据组织培训情况更新
根据退休人员情况及时更新
根据名录变化情况及时更新
根据办理情况更新
根据抽检情况更新
根据服务人员变化情况及时更新
根据业务办理情况更新
按照市局规定
不需更新
不重复
随业务变动而更新
根据工作要求更新
按业务工作开展情况更新
按照变动情况更新
按工作开展情况更新
根据工作开展情况更新
根据变动情况更新
按完成情况更新
按办理情况更新
根据实际进行更新
根据推送信息及时更新
根据具体情况
根据检查情况更新
待新进人员进入单位后再更新人员信息
不确定更新周期
根据人员变动情况
根据增加情况更新
根据道路修建情况更新
变动更新
有增加即更新
视情况变动
根据实际变动更新
根据变动更新
按照实际情况不定期更新
根据评选时间
根据工作实际
按照省市开展认定工作时间更新
根据实际情况即时更新
有变更再更新
根据数量增减更新
按照实际情况更新
依据实际比赛情况更新
视具体情况
有更新时
随实际情况更新
不定
如有变化，即时更新
如有变化即时更新
即时更新
暂无
视情况
根据情况
跟据情况
有新表彰时更新
其他周期
其他更新周期
每四年
根据业务不定期
根据业务不定期更新
每年按照实际情况更新
根据需要及时更新
根据来访及时更新
每年按变化更新
根据友好交流开展情况及时更新
及时更新
根据友城变动及时更新
根据交流事项及时更新
根据涉外安全情况及时更新
每年按实际更新
根据调整及时更新
每年按情况更新
按时更新
新信息完成后的20个工作日
信息变更后的20天
信息更改后的20天
信息变更后20个工作日
信息更新后20天内更新
信息更改后
信息变更47后的20天
依据省科技厅每年下达通报的时间更新
及时公示
公办高中学校信息产生变动
评定时间不确定
天
每年公布一次
按数据变化情况随时更新
根据省档案馆下发名单时间更新
根据工作实际开展情况更新相关信息
根据商会组织变化更新
根据实际工作情况
有相关数据及时上传
有数据及时更新
以每届最美退役军人评选为更新周期
根据每年的评选更新
根据实际需要，不定期更新
根据每年的评价更新
根据上级要求及时更新相关企业名单
发生变化后更新
道路调整后更新
变更后更新
路长变更后更新
工作量变化后更新
工程调整后更新
根据工作进展需要
根据工作情况公开
按评选时间
按变动
按公布时间
按评选
按获批文件出台时间
每两年评选 一次
按聘任时间
不定期更新相关信息
涉及到企业标准变更数据可能需要整理。
根据租赁情况而定
根据办结情况而定
以业务实际产生数据为准
以业务产生数据为准
以实际业务数据产生时间为准
每天更新
根据省科技厅组织开展的时间确定
根据科技部组织开展的时间确定
依据三定方案更新
根据符合条件的企业成立时间
根据省局安排
不定期进行宣传推介全市项目
根据需要对目录自定义更新
有新增地震应急避难场所
有新增省级地震科普示范学校时
根据业务办理情况实时更新
原则上3年一更新，不超过5年
每年申报一次
数据有调整时更新
数据每天更新一次
随时更新
依据住房公积金政策调整
住房公积金业务办理网点地址不定期更新
住房公积金年度信息更新
市公积金中心下属各分支（办事）机构地址
依据住房公积金政策规定进行调整
名人有变动时更新
服务周期3年
按照省厅认定通知，及时更新认定数据。
根据政府公布名录文件更新
随审计法规依据信息更替更新。
实时开放
根据市文化和旅游局公布文件
不定期举行
企业职工正常退休
不定期共享
随年度审计项目计划公开更新
区文化和旅游局公布文件
开放
对外贸易经营者信息不定期更新
不定期进行更新
不定期对目录进行更新
不定期对目录进行更新维护
不定期更新开放数据
不定期评选
无条件开放
不定期公开
根据行政处理数量不定期公开
根据工作安排信息公开
根据医疗机构开通定点医疗服务开放
每季度更新
根据工作安排
根据工作安排都执法人员信息公开
不定期统计公布
不定期对开放目录进行更新
不定期公开目录
根据实际情况不定期开放
每年度更新
每年度开放
依据工作开展情况确定。
依据工作开展情况确定
代理记账机构每年备案1次
监管单位抽检
根据免学费人员确定时间
根据业务提出申请
根据要求时间
根据申请时间
根据上级业务部门公开时间及时开放
月报更新后
根据上级业务部门补助通知及时开放
根据上级要求开放
根据发布时间
月报发布后
根据信息统计或发布时间
学校网络安全设备配备情况
据信息统计或发布时间
依实际变更
集体合同基本情况登记(企业方)信息
每季度更新一次
检查数据实时录入
依需要
按规定公开
按需发布
年度诸城市农资企业门店（合作社）
年度
上级文件规定，不定期更新
审验完成后，录入信息
以实际申报为准
集体合同备案意见书信息
审批后录入
工资集体协议基本情况登记
根据上级政策规定，不定期更新
集体合同基本情况登记(职工方)信息
审验完成，更新信息。
根据变更情况更新
上级政策规定，不定期更新
根据政策规定，不定期更新
新增企业后及时更新
根据上级文件规定，不定期更新
根据银行网点变更的实际情况进行更新
每当有新证件产生之后，即时更新
监督检查后，更新信息。
不定期上传
上级规定，不定期更新
根据统计局每月发布数据整理
按规定更新
无条件
数据发生变化及时更新
企业通过评定后随时更新
有数据更新立即更新
数据上报潍坊后同步进行更新
公示时更新
变更时更新
政策变化时更新
根据上级培训任务随时上传
参保单位有增减变化时更新
招聘时更新
基数变化时更新
缴费比例调整时更新
公示后更新
有增减变化时更新
人员增减变化时更新
学校清单发生变化及时更新
公示时同步更新
最新一批获评人员名单公布后更新
有新增参保项目时更新
清单发生变化及时更新
评选时更新
单位有增减变化时更新
以最后一次上传数据为准，前期数据无效
有新成立的数字经济企业随时更新
企业通过审定后随时更新
名单公示时更新
上级组织考试时，及时发布相关信息
学校清单变化及时更新
根据泵站增减
变动时更新
名单有增减变化时更新
发放时更新
每次评选结果公布后更新
职业培训学校有增减变化时更新
利率变化时更新
不定期申报审批
有新入选时更新
上级出台该项激励政策时更新
数据上报潍坊时同步更新
无上级命令，不作变更
变化时更新
上级标准变化时更新
学校清单有变动及时更新
组织招聘时更新
信息变动时更新
有新信息及时导入
根据政府投资项目立项情况进行更新
根据办理情况不定期更新
数据变动时更新
调整时及时更新
有变化随时更新
不确定
调整时更新
根据执法检查情况不定期上传
按照最新要求进行更新
审批后录入信息
名单变动时更新
根据行政处罚情况不定期上传
有新信息时及时导入信息
高龄补贴是季度发放
审批后信息录入
按要求进行更新
每年进行更新
有变动的时候更新
有变更时更新
根据实际情况不定时更新
年初
不定时进行更新
无c
根据调整不定期公布
根据实际办件信息更新
不宝期
每年一次培训后进行更新
根据实际工作确定
更新企业
根据实际变化情况更新
居民养老丧葬补助金每年汇总一次
省级技术创新项目名单
成品油经营网点分布管理信息
历年地区生产总值指数信息
历年地区生产总值信息
权责清单目录分表(其他权力类)
昌邑市“十佳”教师、优秀教师、先进工作者评选表彰信息
粮食存储技术规范的监督检查信息
昌邑市行政审批服务局行政执法人员公示
防汛人员信息
车辆更新时更新
昌邑市事业单位设立登记信息
中标公告信息
残疾学生和贫困残疾人子女助学补贴给付信息
储备粮、其他政策性粮食的例行监测
普通高中招生工作相关政策信息
机动车检测机构名录信息
教育公用经费拨付信息
残疾人扶贫救助信息
夏季高考考点考场设置
全市历年农业统计主要指标信息
充电器
不定期监管
农村危房改造信息
成人高考考点考场设置
昌邑市事业单位变更登记信息
对粮食计量标准的监督检查信息
昌邑市事业单位法人注销登记信息
全市历年工业总产值信息
高中学业水平合格考考点考场设置
建设工程档案接收和验收信息
残疾儿童、贫困残疾人康复救助信息
昌邑市委编办“双随机一公开”抽查单位信息
初中信息技术应用水平考试考点考场设置
组织实施残疾人按比例就业信息
建设工程档案报送责任书签订信息
根据实际工作更新
省目录修改后
每年12月底更新数据
每次发证后更新
每年12月份更新数据
根据工作情况不定期发布信息
人口普查数据公开
已申请办理
依据需要更新
不可交换

有自然灾害时统计更新
通邮建制村所属
以后由应急局发
数据有更新时更新
07
1
无
已归档，不再更新
有新执业人员时更新
根据实际变化情况和上级要求进行更新
市级司法行政机关负责初审，省 级司法行政机关最终审核
评选表彰先进集体需市委市政府统筹批准后方可实施
按照机构改革后公布
非实时更新事项
公证机构执业信息每年更新一次
规范性文件出台需履行相关程序
省司法厅统一组织培训考试
按单位规定更新
不定更新
按单位要求更新
依据工作开展情况更新
根据项目申请情况更新
每年更新
根据规划项目的进展情况
较长时间评一次
较长时间调整一次
按照数据产生频率及时更新相关数据
根据业务实际更新
根据业务量产生数据
根据通报随时更新
每年认定一次
根据工作情况调整
每年举办一次
视业务办理频率而定
每年按照省厅安排进行评选，2019年暂停，后续情况视省住建厅安排。
数据在省平台产生
权力移交市行政审批服务局，本单位仅有移交前的历史数据。
按照本市计划而定
按照省计划开展
2020年暂停，后续情况视省住建厅安排。
数据在国家平台产生
按照单位自定义更新
不定时收集信息
业务量较少
数据不定时
社保转移从转出到办结有时限
需要企业提交招聘信息
计算机考试每年一次
德州市主要河流水情历史信息不定期统计
德州市供水量非实时统计
取用水户测点信息没有变化不需要实时更新
用水户不变无法实时更新
水库工情信息基本固定，无新水库建设则没有变化
水土保持项目各县区非实时汇总统计
水利风景区有新的建设才有更新信息
河道堤防信息长时间不变，有变更时才予以更新
大中型水库移民后期扶持以项目为统计
根据工程情况进行统计
该目录不定期产生信息
闸坝信息常年不变
泵站工程有新增建设才有信息更新
取水许可权限已经下放到县里，实际已无审批权限。
德州市水库水情历史信息非实时数据
德州市水利局建设项目的招标情况信息根据项目的进展情况进行更新
河流信息内容基本没有变化
河流信息基本没有变化
德州市用水量相关信息非实时统计
编制全市水利发展规划飞固定时间开展
信息内容基本没有变化
取用水户测站信息没有变化不需要实时更新
河道信息常年不变
水利工程开工备案信息不定期进行综合统计
水利基建项目初步设计文件审批不定期归档统计
不定时更新
不定时产生
根据实际业务更新
按照单位要求
企业信息不定期更新，监测数据实时更新
不定期更行
每半年更新一次
不定期开放
不定期进行预报
年度更新
建设单位自行验收同时将验收相关材料上传至平台
视政策法规变动
不定期更新数据
视企业变动情况
临时销售点更新时间不固定
省级园林式居住区（单位）名单数据较为固定，如有增删将及时更新
主要植物种类较固定
采集以后更新
先进集体名单较固定，如有增删将及时更新
执法人员证件有效期原因
数据更新频率不确定
0
按照上级政策和有关文件执行
省局印发相关通知
企业联络员信息
每年更新新增直销企业联络员信息
按年度更新
数据每年更新
数据不定时更新
数据不定期更新
系统数据不定时更新
系统数据每年更新
省级数据返还，无法实时
数据由下级单位统计报送
2018年以后省级部门组织考核
根据业务办理情况
根据建设单位申请，不定期更新
根据实际情况更新
根据企业申请不定时更新
每年一更新
根据企业申请不定时
根据申请不定期办理
根据企业申请进行不定期更新
根据建设单位申请办理，不定期更新
属于相对固定数据，需要不定期更新
根据学校增减情况更新
依认定情况更新
不定期认定
学校测试不固定
按单位要求
依据上级认定文件要求
根据上级认定文件更新
依据上级文件要求
根据种子机构实际注册情况
根据上级认定文件
每两年评选一次
每三年评选一次
每年评选一次
依据省级认定文件要求
2021年1月1日起执行，有效期一年
依据省级部门认定通知
不定期补充
根据实际情况不定期更新
根据外交部公布而更新
标准更新时间不定
服务网点变化后更新
及时
不确定性
设施维修为持续性工作，根据工作实际情况不定时进行更新
所辖道路相关信息较为固定，如有新的设施移交将及时更新
设施设备信息较为固定，因设施移交、改造等原因，信息发生变化时将及时更新
水体基本信息较为固定，如发生新的整治进度将及时更新
每年评估一次
人员因素不确定
不定期开发
存在情况进行更新
不良行为发生进行更新
条文变更予以更新
数据普查不定时更新
一年一评
人员变动后更新
评选后更新
依上级部门安排
依商会成立、换届时间
依执委会换届、调整时间更新
文化场所数目变更无规律
根据市场经营情况实时更新
随企业双体系建设情况而更新
德城区行业专业性调解组织不定时更新
根据抽查结果更新
德城区行业专业性调解员信息不定时更新
年度汇总归档
单位设立不定期
根据相关政策法规文件更新
根据机电高新企业实际经营情况而定
根据城区加油站实际经营情况而定
档案库房管理信息不定时更新
根据实际工作
本区域诊所固定变动较小
依据政策法规适时更新
根据宾馆实际经营情况而定
随企业信息更新
投稿刊发信息不定时更新
不定期跟新
根据工作开展情况
根据实际经营状况更新
执法人员固定无需实时更新
按企业变动情况填写
根据高新技术企业实际经营情况而定
根据中大型商场实际经营情况而定
支出总体情况预算信息不定时更新
根据上级目录更新周期确定
备案后公示
根据相关政策法规文件每年更新
培训时间多为假期
档案质询服务工作信息不定时更新
创作精品时间不定
根据专业市场实际经营情况而定
免费开放项目比较固定
执法检查结束
根据项目更新
根据便民市场实际营业情况而定
每年发布
经营单位设立不定期
根据智能快件箱实际更新情况而定
根据实际经营情况更新
按上级工作安排
信息汇总
根据巡查情况
根据机电企业实际经营情况而定
根据电子商务企业实际经营情况而定
根据企业情况进行更新
根据零售企业实际经营状况而定
档案馆传统载体档案数字化结果不定时更新
根据国营加油站实际经营情况而定
根据农产品进出口企业实际经营情况而定
一般公共预算基本支出预算信息不定时更新
根据实际经营情况而定
根据集贸市场经营情况而定
不定期申请
根据实际情况开放
新增指标统计档案不具备实时性，需待有新增数据时才能进行更新
非实时更新
定期
时时在变化
/
按实际情况更新
根据全区汽车销售企业的变更来汇总信息
信访信息不定期发生
随数据变化更新
每月更新
数据不定期产生
省级清单认领
收集审核更新完成进行上传
实际市场需求更新
本部门新增
企业自行监测统计信息制作完成进行更新
群众不定期申请
每年统计
河流断面监测信息档案制作完成进行上传
不定期进行信息更新
根据标准物质使用情况不定期更新
根据资质认定情况不定期更新
一年一次普查
根据抽检工作情况不定期更新
活动周期长
每年度
表格制作完成进行更新
每半年一次
随时形成随时更新
根据仪器设备更新情况不定期更新
表格制作完成进行上传
依局办事群众申请频率更新
根据监测情况更新数据
信访事项不定期发生
数据归集时间不固定
不定期归集数据
公租房信息每年进行一次审核
相关数据不定期归集
每年更新信息
存在处罚即更新
依据食品检验结果进行更新
每年度收集归纳信息
地方企业快报《利润及相关指标表》数据字段
1年统计更新1次
依据现实情况不定时更新
每年公示后更新
信息固定
有项目开工建设将进行更新
依政策申请使用管理
依申请备案
依据现场监管信息不定时更新
公开的相关信息不定时更新
限时开放
依据评定实际情况进行更新
不定期查处并汇总更新
不定期收集信息
按文件规定更新
根据实际情况自定义酌情
存在实施项目即更新
燃气企业不定期维护
存在实施项目即进行更新
宁津县分税种财政收入情况
每年信息一归集
公路路线基础信息有变动即更新
照实更新
数据新增
依工作实际
生活必需品市场监测不定期更新
依据实际情况进行更新
非高频事项，不定期更新
依据实际情况
非高频事项，不定期开放
不定时归集
产生数据后更新
节水企业新增时才更新
定期帮扶贫困户
依据实际
非高频事项，不定时更新
每年按工作进展
管网信息变化时才更新
数据不定期汇集更新
洁净庭院 活动登记表非实时更新
营商环境评价政务服务指标样本企业非实时更新
工作需要
法律、法规更新时间不确定
内部资料，更新时间不固定
加油站名单不定期更新
创城分组表非实时更新
年终总结
企业检查基本情况不定期
不定期开展检查
按每年工作情况
随检查更新
进出口企业情况不定期
村庄信息变化时更新
再生资源回收者经营备案不定期
年度更新重污染天气预案修订、预案发布、重污染天气应对等信息
依申请办理
办理成品油零售网点许可证不定期
自定义更新
根据事项办理频率不定期开放
外资企业情况不定期
工会会员列表非实时更新
根据事项的 办理频率，不定期开放
年度更新企业基本信息及主要生产装置、主要产品及产能、主要原辅材料、产排污环节、污染防治设施、环境影响评价等信息
高频事项，不定时更新
全县闸坝信息基本不变，变化时才更新
大中型水库水情不定时更新
不固定更新时间
自建小区疫情防控活动登记表不定期更新
不定期检查
年度更新企业名称、县（市、区）名称、经度、维度、组织机构代码、污染源类别
依据实际检查情况
依申请开放
每年对康复健身指导员信息汇总
非高频事项不定期更新
有则更新
业务不固定
根据开放工作安排
业务不定期考核
业务不定期
月度定期更新
有责更新
不定期整理
招聘结束后
新建时更新
不定期更新土壤墒情监测信息
有则开放
不定期更新农作物种子管理及技术服务信息
申请
不定期更新农产品生产基地信息
不定期统计
周期导出本年度信息
根据实际更新
按审定
定期更新数据
汇总后更新
每半年更新
数据服务不定期
根据实际情况及时更新
更新周期时效
根据公示情况进行更新
信息产生频率慢
每年数据更新
更新时间较慢
五年
更新周期较长
数据更新周期较长
平原县测绘资质单位信息
数据更新时间较长
根据实际情况进行更新
信息更新周期不确定
每半年数据更新
公厕信息更新不频繁
数据更新周期长
不定时开放
根据慰问情况及时更新
农业
不定期开展
畜禽养殖无公害每年申报后，由上级部门评审后确定通过后进行公示
每年中高级职称申报，由人社部门评审后确定是否通过
每月巡河
更新周期长
根据实际统计情况对此进行更新
因业务周期导致
根据业务办理情况及时更新
根据检查行为做出的时间更新
根据公示更新
不连续发生
项目周期较长
根据教职人员的现实情况进行变更
信息产生时间周期较长
项目更新周期慢
根据场所负责人的变更进行更新
根据每年的实际情况进行统计
依据宗教活动场所更新时间进行更新
根据实际情况对企业产品进行统计和公布
根据场所的现实情况作出变更
根据业务情况
信息更新时间长
信息产生的周期较长
违法数据较少
及时归集数据
根据山东省国脉系统数据进行不定期更新
不定期获得荣誉称号
统计更新
重点排污单位企业名录更新
根据特殊教育信息实时更新
根据实际信息更新
有新信息产生及时发布
政务服务事项认领
不定期归集
根据数据信息更新情况，实时更新
根据办理情况
有新内容及时更新
及时开放
根据总量确认数量不定期更新
单位帮扶责任人变化更新
新认定高新技术企业每年一通报
根据上级监测方案进行监测
高新技术企业数量每年已更新
根据归集时间开放共享
签订公开
夏津县二手车经营主体信息
根据业务更新频率
根据政策情况即时更新
根据现实情况进行增减
根据上级文件要求
依统计业务
依系统抓取业务
根据检查业务需要
档案库房温湿度记录表信息为定期检查和不定期抽查产生
根据补助业务需要
依据农户跨区情况而定
根据实际营业情况即时更新
补贴发放后更新
依申请
不定期有数据
根据现实营业情况进行增减
依实际情况更新
根据工作需要
根据实际营业情况进行增减
不定期业务
依据农户购置情况而定
公文不定时更新
以实际情况更新
依选聘业务
本单位新增
按实际
按月统计补卡人员情况
年度汇总
一年一次
业务办理不定期
统计挂失信息后更新
按需
德州市专业技术职务资格评审公布后更新
省级认领
尽快
德州市有突出贡献的技师信息公布后更新
乐陵市技能大师工作室相对固定
根据每年培训情况而定
城建计划发布后更新
检查出擅自从事出租客运经营时进行更新
不定期更新一次
依受理
根据入藏时间更新
根据工作进展情况
人民陪审员名单为上级部门审批确定。
根据情况更新
依受理情况更新
依受理情况
根据人员变更进行更新
年报
根据工作需求
有查出新的改装车时进行更新
按要求更新
根据情况实时更新
根据新增更新
根据评选结果
未有更新
委员会信息无周期性
根据调整更新
申请变更
根据设备情况不定期更新
每3年
目前不开展此工作，有新增后更新
业务已于2019年结束，数据不再更新
下一届企业攀登工程评选后
下一届攀登工程企业评选后
下一届济宁市攀登工程企业评选后
企业淘汰产能完成后更新
每五年一次
系短期政策，数据不再更新
两年一届
业务已下放至县市区，市直不再有业务，数据不再更新
根据业务开展情况
变更时
新增时
社区（村）换届
根据申请办理情况及时更新
根据培训情况及时更新
根据具体情况更新
根据河蟹大赛举办情况进行更新
根据培训情况进行更新
根据调查情况更新
根据组织培训情况更新
根据退休人员情况及时更新
根据名录变化情况及时更新
根据办理情况更新
根据抽检情况更新
根据服务人员变化情况及时更新
根据业务办理情况更新
按照市局规定
不需更新
不重复
随业务变动而更新
根据工作要求更新
按业务工作开展情况更新
按照变动情况更新
按工作开展情况更新
根据工作开展情况更新
根据变动情况更新
按完成情况更新
按办理情况更新
根据实际进行更新
根据推送信息及时更新
根据具体情况
根据检查情况更新
待新进人员进入单位后再更新人员信息
不确定更新周期
根据人员变动情况
根据增加情况更新
根据道路修建情况更新
变动更新
有增加即更新
视情况变动
根据实际变动更新
根据变动更新
按照实际情况不定期更新
根据评选时间
根据工作实际
按照省市开展认定工作时间更新
根据实际情况即时更新
有变更再更新
根据数量增减更新
按照实际情况更新
依据实际比赛情况更新
视具体情况
有更新时
随实际情况更新
不定
如有变化，即时更新
如有变化即时更新
即时更新
暂无
视情况
根据情况
跟据情况
有新表彰时更新
其他周期
其他更新周期
每四年
根据业务不定期
根据业务不定期更新
每年按照实际情况更新
根据需要及时更新
根据来访及时更新
每年按变化更新
根据友好交流开展情况及时更新
及时更新
根据友城变动及时更新
根据交流事项及时更新
根据涉外安全情况及时更新
每年按实际更新
根据调整及时更新
每年按情况更新
按时更新
新信息完成后的20个工作日
信息变更后的20天
信息更改后的20天
信息变更后20个工作日
信息更新后20天内更新
信息更改后
信息变更47后的20天
依据省科技厅每年下达通报的时间更新
及时公示
公办高中学校信息产生变动
评定时间不确定
每年公布一次
按数据变化情况随时更新
根据省档案馆下发名单时间更新
根据工作实际开展情况更新相关信息
根据商会组织变化更新
根据实际工作情况
有相关数据及时上传
有数据及时更新
以每届最美退役军人评选为更新周期
根据每年的评选更新
根据实际需要，不定期更新
根据每年的评价更新
根据上级要求及时更新相关企业名单
发生变化后更新
道路调整后更新
变更后更新
路长变更后更新
工作量变化后更新
工程调整后更新
根据工作进展需要
根据工作情况公开
按评选时间
按变动
按公布时间
按评选
按获批文件出台时间
每两年评选 一次
按聘任时间
不定期更新相关信息
涉及到企业标准变更数据可能需要整理。
根据租赁情况而定
根据办结情况而定
以业务实际产生数据为准
以业务产生数据为准
以实际业务数据产生时间为准
每天更新
根据省科技厅组织开展的时间确定
根据科技部组织开展的时间确定
依据三定方案更新
根据符合条件的企业成立时间
根据省局安排
不定期进行宣传推介全市项目
根据需要对目录自定义更新
有新增地震应急避难场所
有新增省级地震科普示范学校时
根据业务办理情况实时更新
原则上3年一更新，不超过5年
每年申报一次
数据有调整时更新
数据每天更新一次
随时更新
依据住房公积金政策调整
住房公积金业务办理网点地址不定期更新
住房公积金年度信息更新
市公积金中心下属各分支（办事）机构地址
依据住房公积金政策规定进行调整
名人有变动时更新
服务周期3年
按照省厅认定通知，及时更新认定数据。
根据政府公布名录文件更新
随审计法规依据信息更替更新。
实时开放
根据市文化和旅游局公布文件
不定期举行
企业职工正常退休
不定期共享
随年度审计项目计划公开更新
区文化和旅游局公布文件
开放
对外贸易经营者信息不定期更新
不定期进行更新
不定期对目录进行更新
不定期对目录进行更新维护
不定期更新开放数据
不定期评选
无条件开放
不定期公开
根据行政处理数量不定期公开
根据工作安排信息公开
根据医疗机构开通定点医疗服务开放
根据工作安排
根据工作安排都执法人员信息公开
不定期统计公布
不定期对开放目录进行更新
不定期公开目录
根据实际情况不定期开放
每年度更新
每年度开放
依据工作开展情况确定。
依据工作开展情况确定
代理记账机构每年备案1次
监管单位抽检
根据免学费人员确定时间
根据业务提出申请
根据要求时间
根据申请时间
根据上级业务部门公开时间及时开放
月报更新后
根据上级业务部门补助通知及时开放
根据上级要求开放
根据发布时间
月报发布后
根据信息统计或发布时间
学校网络安全设备配备情况
据信息统计或发布时间
依实际变更
集体合同基本情况登记(企业方)信息
每季度更新一次
检查数据实时录入
依需要
按规定公开
按需发布
年度诸城市农资企业门店（合作社）
上级文件规定，不定期更新
审验完成后，录入信息
以实际申报为准
集体合同备案意见书信息
审批后录入
工资集体协议基本情况登记
根据上级政策规定，不定期更新
集体合同基本情况登记(职工方)信息
审验完成，更新信息。
根据变更情况更新
上级政策规定，不定期更新
根据政策规定，不定期更新
新增企业后及时更新
根据上级文件规定，不定期更新
根据银行网点变更的实际情况进行更新
每当有新证件产生之后，即时更新
监督检查后，更新信息。
不定期上传
上级规定，不定期更新
根据统计局每月发布数据整理
按规定更新
无条件
数据发生变化及时更新
企业通过评定后随时更新
有数据更新立即更新
数据上报潍坊后同步进行更新
公示时更新
变更时更新
政策变化时更新
根据上级培训任务随时上传
参保单位有增减变化时更新
招聘时更新
基数变化时更新
缴费比例调整时更新
公示后更新
有增减变化时更新
人员增减变化时更新
学校清单发生变化及时更新
公示时同步更新
最新一批获评人员名单公布后更新
有新增参保项目时更新
清单发生变化及时更新
评选时更新
单位有增减变化时更新
以最后一次上传数据为准，前期数据无效
有新成立的数字经济企业随时更新
企业通过审定后随时更新
名单公示时更新
上级组织考试时，及时发布相关信息
学校清单变化及时更新
根据泵站增减
变动时更新
名单有增减变化时更新
发放时更新
每次评选结果公布后更新
职业培训学校有增减变化时更新
利率变化时更新
不定期申报审批
有新入选时更新
上级出台该项激励政策时更新
数据上报潍坊时同步更新
无上级命令，不作变更
变化时更新
上级标准变化时更新
学校清单有变动及时更新
组织招聘时更新
信息变动时更新
有新信息及时导入
根据政府投资项目立项情况进行更新
根据办理情况不定期更新
数据变动时更新
调整时及时更新
有变化随时更新
不确定
调整时更新
根据执法检查情况不定期上传
按照最新要求进行更新
审批后录入信息
名单变动时更新
根据行政处罚情况不定期上传
有新信息时及时导入信息
高龄补贴是季度发放
审批后信息录入
按要求进行更新
每年进行更新
有变动的时候更新
有变更时更新
根据实际情况不定时更新
年初
不定时进行更新
无c
根据调整不定期公布
根据实际办件信息更新
不宝期
每年一次培训后进行更新
根据实际工作确定
更新企业
根据实际变化情况更新
居民养老丧葬补助金每年汇总一次
省级技术创新项目名单
成品油经营网点分布管理信息
历年地区生产总值指数信息
历年地区生产总值信息
权责清单目录分表(其他权力类)
昌邑市“十佳”教师、优秀教师、先进工作者评选表彰信息
粮食存储技术规范的监督检查信息
昌邑市行政审批服务局行政执法人员公示
防汛人员信息
车辆更新时更新
昌邑市事业单位设立登记信息
中标公告信息
残疾学生和贫困残疾人子女助学补贴给付信息
储备粮、其他政策性粮食的例行监测
普通高中招生工作相关政策信息
机动车检测机构名录信息
教育公用经费拨付信息
残疾人扶贫救助信息
夏季高考考点考场设置
全市历年农业统计主要指标信息
充电器
不定期监管
农村危房改造信息
成人高考考点考场设置
昌邑市事业单位变更登记信息
对粮食计量标准的监督检查信息
昌邑市事业单位法人注销登记信息
全市历年工业总产值信息
高中学业水平合格考考点考场设置
建设工程档案接收和验收信息
残疾儿童、贫困残疾人康复救助信息
昌邑市委编办“双随机一公开”抽查单位信息
初中信息技术应用水平考试考点考场设置
组织实施残疾人按比例就业信息
建设工程档案报送责任书签订信息
根据实际工作更新
省目录修改后
每年12月底更新数据
每次发证后更新
每年12月份更新数据
根据工作情况不定期发布信息
人口普查数据公开
已申请办理
依据需要更新
不可交换

有自然灾害时统计更新
通邮建制村所属
以后由应急局发
数据有更新时更新
07
1
无
已归档，不再更新
有新执业人员时更新
根据实际变化情况和上级要求进行更新
市级司法行政机关负责初审，省 级司法行政机关最终审核
评选表彰先进集体需市委市政府统筹批准后方可实施
按照机构改革后公布
非实时更新事项
公证机构执业信息每年更新一次
规范性文件出台需履行相关程序
省司法厅统一组织培训考试
按单位规定更新
不定更新
按单位要求更新
依据工作开展情况更新
根据项目申请情况更新
每年更新
根据规划项目的进展情况
较长时间评一次
较长时间调整一次
按照数据产生频率及时更新相关数据
根据业务实际更新
根据业务量产生数据
根据通报随时更新
每年认定一次
根据工作情况调整
每年举办一次
视业务办理频率而定
每年按照省厅安排进行评选，2019年暂停，后续情况视省住建厅安排。
数据在省平台产生
权力移交市行政审批服务局，本单位仅有移交前的历史数据。
按照本市计划而定
按照省计划开展
2020年暂停，后续情况视省住建厅安排。
数据在国家平台产生
按照单位自定义更新
不定时收集信息
业务量较少
数据不定时
社保转移从转出到办结有时限
需要企业提交招聘信息
计算机考试每年一次
德州市主要河流水情历史信息不定期统计
德州市供水量非实时统计
取用水户测点信息没有变化不需要实时更新
用水户不变无法实时更新
水库工情信息基本固定，无新水库建设则没有变化
水土保持项目各县区非实时汇总统计
水利风景区有新的建设才有更新信息
河道堤防信息长时间不变，有变更时才予以更新
大中型水库移民后期扶持以项目为统计
根据工程情况进行统计
该目录不定期产生信息
闸坝信息常年不变
泵站工程有新增建设才有信息更新
取水许可权限已经下放到县里，实际已无审批权限。
德州市水库水情历史信息非实时数据
德州市水利局建设项目的招标情况信息根据项目的进展情况进行更新
河流信息内容基本没有变化
河流信息基本没有变化
德州市用水量相关信息非实时统计
编制全市水利发展规划飞固定时间开展
信息内容基本没有变化
取用水户测站信息没有变化不需要实时更新
河道信息常年不变
水利工程开工备案信息不定期进行综合统计
水利基建项目初步设计文件审批不定期归档统计
不定时更新
不定时产生
根据实际业务更新
按照单位要求
企业信息不定期更新，监测数据实时更新
不定期更行
每半年更新一次
不定期开放
不定期进行预报
年度更新
建设单位自行验收同时将验收相关材料上传至平台
视政策法规变动
不定期更新数据
视企业变动情况
临时销售点更新时间不固定
省级园林式居住区（单位）名单数据较为固定，如有增删将及时更新
主要植物种类较固定
采集以后更新
先进集体名单较固定，如有增删将及时更新
执法人员证件有效期原因
数据更新频率不确定
0
按照上级政策和有关文件执行
省局印发相关通知
企业联络员信息
每年更新新增直销企业联络员信息
按年度更新
数据每年更新
数据不定时更新
数据不定期更新
系统数据不定时更新
系统数据每年更新
省级数据返还，无法实时
数据由下级单位统计报送
2018年以后省级部门组织考核
根据业务办理情况
根据建设单位申请，不定期更新
根据实际情况更新
根据企业申请不定时更新
每年一更新
根据企业申请不定时
根据申请不定期办理
根据企业申请进行不定期更新
根据建设单位申请办理，不定期更新
属于相对固定数据，需要不定期更新
根据学校增减情况更新
依认定情况更新
不定期认定
学校测试不固定
按单位要求
依据上级认定文件要求
根据上级认定文件更新
依据上级文件要求
根据种子机构实际注册情况
根据上级认定文件
每两年评选一次
每三年评选一次
每年评选一次
依据省级认定文件要求
2021年1月1日起执行，有效期一年
依据省级部门认定通知
不定期补充
根据实际情况不定期更新
根据外交部公布而更新
标准更新时间不定
服务网点变化后更新
及时
不确定性
设施维修为持续性工作，根据工作实际情况不定时进行更新
所辖道路相关信息较为固定，如有新的设施移交将及时更新
设施设备信息较为固定，因设施移交、改造等原因，信息发生变化时将及时更新
水体基本信息较为固定，如发生新的整治进度将及时更新
每年评估一次
人员因素不确定
不定期开发
存在情况进行更新
不良行为发生进行更新
条文变更予以更新
数据普查不定时更新
一年一评
人员变动后更新
评选后更新
依上级部门安排
依商会成立、换届时间
依执委会换届、调整时间更新
文化场所数目变更无规律
根据市场经营情况实时更新
随企业双体系建设情况而更新
德城区行业专业性调解组织不定时更新
根据抽查结果更新
德城区行业专业性调解员信息不定时更新
年度汇总归档
单位设立不定期
根据相关政策法规文件更新
根据机电高新企业实际经营情况而定
根据城区加油站实际经营情况而定
档案库房管理信息不定时更新
根据实际工作
本区域诊所固定变动较小
依据政策法规适时更新
根据宾馆实际经营情况而定
随企业信息更新
投稿刊发信息不定时更新
不定期跟新
根据工作开展情况
根据实际经营状况更新
执法人员固定无需实时更新
按企业变动情况填写
根据高新技术企业实际经营情况而定
根据中大型商场实际经营情况而定
支出总体情况预算信息不定时更新
根据上级目录更新周期确定
备案后公示
根据相关政策法规文件每年更新
培训时间多为假期
档案质询服务工作信息不定时更新
创作精品时间不定
根据专业市场实际经营情况而定
免费开放项目比较固定
执法检查结束
根据项目更新
根据便民市场实际营业情况而定
每年发布
经营单位设立不定期
根据智能快件箱实际更新情况而定
根据实际经营情况更新
按上级工作安排
信息汇总
根据巡查情况
根据机电企业实际经营情况而定
根据电子商务企业实际经营情况而定
根据企业情况进行更新
根据零售企业实际经营状况而定
档案馆传统载体档案数字化结果不定时更新
根据国营加油站实际经营情况而定
根据农产品进出口企业实际经营情况而定
一般公共预算基本支出预算信息不定时更新
根据实际经营情况而定
根据集贸市场经营情况而定
不定期申请
根据实际情况开放
新增指标统计档案不具备实时性，需待有新增数据时才能进行更新
非实时更新
定期
时时在变化
/
按实际情况更新
根据全区汽车销售企业的变更来汇总信息
信访信息不定期发生
随数据变化更新
每月更新
数据不定期产生
省级清单认领
收集审核更新完成进行上传
实际市场需求更新
本部门新增
企业自行监测统计信息制作完成进行更新
群众不定期申请
每年统计
河流断面监测信息档案制作完成进行上传
不定期进行信息更新
根据标准物质使用情况不定期更新
根据资质认定情况不定期更新
一年一次普查
根据抽检工作情况不定期更新
活动周期长
每年度
表格制作完成进行更新
每半年一次
随时形成随时更新
根据仪器设备更新情况不定期更新
表格制作完成进行上传
依局办事群众申请频率更新
根据监测情况更新数据
信访事项不定期发生
数据归集时间不固定
不定期归集数据
公租房信息每年进行一次审核
相关数据不定期归集
每年更新信息
存在处罚即更新
依据食品检验结果进行更新
每年度收集归纳信息
地方企业快报《利润及相关指标表》数据字段
1年统计更新1次
依据现实情况不定时更新
每年公示后更新
信息固定
有项目开工建设将进行更新
依政策申请使用管理
依申请备案
依据现场监管信息不定时更新
公开的相关信息不定时更新
限时开放
依据评定实际情况进行更新
不定期查处并汇总更新
不定期收集信息
按文件规定更新
根据实际情况自定义酌情
存在实施项目即更新
燃气企业不定期维护
存在实施项目即进行更新
宁津县分税种财政收入情况
每年信息一归集
公路路线基础信息有变动即更新
照实更新
数据新增
依工作实际
生活必需品市场监测不定期更新
依据实际情况进行更新
非高频事项，不定期更新
依据实际情况
非高频事项，不定期开放
不定时归集
产生数据后更新
节水企业新增时才更新
定期帮扶贫困户
依据实际
非高频事项，不定时更新
每年按工作进展
管网信息变化时才更新
数据不定期汇集更新
洁净庭院 活动登记表非实时更新
营商环境评价政务服务指标样本企业非实时更新
工作需要
法律、法规更新时间不确定
内部资料，更新时间不固定
加油站名单不定期更新
创城分组表非实时更新
年终总结
企业检查基本情况不定期
不定期开展检查
按每年工作情况
随检查更新
进出口企业情况不定期
村庄信息变化时更新
再生资源回收者经营备案不定期
年度更新重污染天气预案修订、预案发布、重污染天气应对等信息
依申请办理
办理成品油零售网点许可证不定期
自定义更新
根据事项办理频率不定期开放
外资企业情况不定期
工会会员列表非实时更新
根据事项的 办理频率，不定期开放
年度更新企业基本信息及主要生产装置、主要产品及产能、主要原辅材料、产排污环节、污染防治设施、环境影响评价等信息
高频事项，不定时更新
全县闸坝信息基本不变，变化时才更新
大中型水库水情不定时更新
不固定更新时间
自建小区疫情防控活动登记表不定期更新
不定期检查
年度更新企业名称、县（市、区）名称、经度、维度、组织机构代码、污染源类别
依据实际检查情况
依申请开放
每年对康复健身指导员信息汇总
非高频事项不定期更新
有则更新
业务不固定
根据开放工作安排
业务不定期考核
业务不定期
月度定期更新
有责更新
不定期整理
招聘结束后
新建时更新
不定期更新土壤墒情监测信息
有则开放
不定期更新农作物种子管理及技术服务信息
申请
不定期更新农产品生产基地信息
不定期统计
周期导出本年度信息
根据实际更新
按审定
定期更新数据
汇总后更新
每半年更新
数据服务不定期
根据实际情况及时更新
更新周期时效
根据公示情况进行更新
信息产生频率慢
每年数据更新
更新时间较慢
五年
更新周期较长
数据更新周期较长
平原县测绘资质单位信息
数据更新时间较长
根据实际情况进行更新
信息更新周期不确定
每半年数据更新
公厕信息更新不频繁
数据更新周期长
不定时开放
根据慰问情况及时更新
农业
不定期开展
畜禽养殖无公害每年申报后，由上级部门评审后确定通过后进行公示
每年中高级职称申报，由人社部门评审后确定是否通过
每月巡河
更新周期长
根据实际统计情况对此进行更新
因业务周期导致
根据业务办理情况及时更新
根据检查行为做出的时间更新
根据公示更新
不连续发生
项目周期较长
根据教职人员的现实情况进行变更
信息产生时间周期较长
项目更新周期慢
根据场所负责人的变更进行更新
根据每年的实际情况进行统计
依据宗教活动场所更新时间进行更新
根据实际情况对企业产品进行统计和公布
根据场所的现实情况作出变更
根据业务情况
信息更新时间长
信息产生的周期较长
违法数据较少
及时归集数据
根据山东省国脉系统数据进行不定期更新
不定期获得荣誉称号
统计更新
重点排污单位企业名录更新
根据特殊教育信息实时更新
根据实际信息更新
有新信息产生及时发布
政务服务事项认领
不定期归集
根据数据信息更新情况，实时更新
根据办理情况
有新内容及时更新
及时开放
根据总量确认数量不定期更新
单位帮扶责任人变化更新
新认定高新技术企业每年一通报
根据上级监测方案进行监测
高新技术企业数量每年已更新
根据归集时间开放共享
签订公开
夏津县二手车经营主体信息
根据业务更新频率
根据政策情况即时更新
根据现实情况进行增减
根据上级文件要求
依统计业务
依系统抓取业务
根据检查业务需要
档案库房温湿度记录表信息为定期检查和不定期抽查产生
根据补助业务需要
依据农户跨区情况而定
根据实际营业情况即时更新
补贴发放后更新
依申请
不定期有数据
根据现实营业情况进行增减
依实际情况更新
根据工作需要
根据实际营业情况进行增减
不定期业务
依据农户购置情况而定
公文不定时更新
以实际情况更新
依选聘业务
本单位新增
按实际
按月统计补卡人员情况
年度汇总
一年一次
业务办理不定期
统计挂失信息后更新
按需
德州市专业技术职务资格评审公布后更新
省级认领
尽快
德州市有突出贡献的技师信息公布后更新
乐陵市技能大师工作室相对固定
根据每年培训情况而定
城建计划发布后更新
检查出擅自从事出租客运经营时进行更新
不定期更新一次
依受理
根据入藏时间更新
根据工作进展情况
人民陪审员名单为上级部门审批确定。
根据情况更新
依受理情况更新
依受理情况
根据人员变更进行更新
年报
根据工作需求
有查出新的改装车时进行更新
按要求更新
根据情况实时更新
根据新增更新
根据评选结果
未有更新
委员会信息无周期性
根据调整更新
申请变更
根据设备情况不定期更新
每3年
目前不开展此工作，有新增后更新
业务已于2019年结束，数据不再更新
下一届企业攀登工程评选后
下一届攀登工程企业评选后
下一届济宁市攀登工程企业评选后
企业淘汰产能完成后更新
每五年一次
系短期政策，数据不再更新
两年一届
业务已下放至县市区，市直不再有业务，数据不再更新
根据业务开展情况
变更时
新增时
社区（村）换届
根据申请办理情况及时更新
根据培训情况及时更新
根据具体情况更新
根据河蟹大赛举办情况进行更新
根据培训情况进行更新
根据调查情况更新
根据组织培训情况更新
根据退休人员情况及时更新
根据名录变化情况及时更新
根据办理情况更新
根据抽检情况更新
根据服务人员变化情况及时更新
根据业务办理情况更新
按照市局规定
不需更新
不重复
随业务变动而更新
根据工作要求更新
按业务工作开展情况更新
按照变动情况更新
按工作开展情况更新
根据工作开展情况更新
根据变动情况更新
按完成情况更新
按办理情况更新
根据实际进行更新
根据推送信息及时更新
根据具体情况
根据检查情况更新
待新进人员进入单位后再更新人员信息
不确定更新周期
根据人员变动情况
根据增加情况更新
根据道路修建情况更新
变动更新
有增加即更新
视情况变动
根据实际变动更新
根据变动更新
按照实际情况不定期更新
根据评选时间
根据工作实际
按照省市开展认定工作时间更新
根据实际情况即时更新
有变更再更新
根据数量增减更新
按照实际情况更新
依据实际比赛情况更新
视具体情况
有更新时
随实际情况更新
不定
如有变化，即时更新
如有变化即时更新
即时更新
暂无
视情况
根据情况
跟据情况
有新表彰时更新
其他周期
其他更新周期
每四年
根据业务不定期
根据业务不定期更新
每年按照实际情况更新
根据需要及时更新
根据来访及时更新
每年按变化更新
根据友好交流开展情况及时更新
及时更新
根据友城变动及时更新
根据交流事项及时更新
根据涉外安全情况及时更新
每年按实际更新
根据调整及时更新
每年按情况更新
按时更新
新信息完成后的20个工作日
信息变更后的20天
信息更改后的20天
信息变更后20个工作日
信息更新后20天内更新
信息更改后
信息变更47后的20天
依据省科技厅每年下达通报的时间更新
及时公示
公办高中学校信息产生变动
评定时间不确定
每年公布一次
按数据变化情况随时更新
根据省档案馆下发名单时间更新
根据工作实际开展情况更新相关信息
根据商会组织变化更新
根据实际工作情况
有相关数据及时上传
有数据及时更新
以每届最美退役军人评选为更新周期
根据每年的评选更新
根据实际需要，不定期更新
根据每年的评价更新
根据上级要求及时更新相关企业名单
发生变化后更新
道路调整后更新
变更后更新
路长变更后更新
工作量变化后更新
工程调整后更新
根据工作进展需要
根据工作情况公开
按评选时间
按变动
按公布时间
按评选
按获批文件出台时间
每两年评选 一次
按聘任时间
不定期更新相关信息
涉及到企业标准变更数据可能需要整理。
根据租赁情况而定
根据办结情况而定
以业务实际产生数据为准
以业务产生数据为准
以实际业务数据产生时间为准
每天更新
根据省科技厅组织开展的时间确定
根据科技部组织开展的时间确定
依据三定方案更新
根据符合条件的企业成立时间
根据省局安排
不定期进行宣传推介全市项目
根据需要对目录自定义更新
有新增地震应急避难场所
有新增省级地震科普示范学校时
根据业务办理情况实时更新
原则上3年一更新，不超过5年
每年申报一次
数据有调整时更新
数据每天更新一次
随时更新
依据住房公积金政策调整
住房公积金业务办理网点地址不定期更新
住房公积金年度信息更新
市公积金中心下属各分支（办事）机构地址
依据住房公积金政策规定进行调整
名人有变动时更新
服务周期3年
按照省厅认定通知，及时更新认定数据。
根据政府公布名录文件更新
随审计法规依据信息更替更新。
实时开放
根据市文化和旅游局公布文件
不定期举行
企业职工正常退休
不定期共享
随年度审计项目计划公开更新
区文化和旅游局公布文件
开放
对外贸易经营者信息不定期更新
不定期进行更新
不定期对目录进行更新
不定期对目录进行更新维护
不定期更新开放数据
不定期评选
无条件开放
不定期公开
根据行政处理数量不定期公开
根据工作安排信息公开
根据医疗机构开通定点医疗服务开放
根据工作安排
根据工作安排都执法人员信息公开
不定期统计公布
不定期对开放目录进行更新
不定期公开目录
根据实际情况不定期开放
每年度更新
每年度开放
依据工作开展情况确定。
依据工作开展情况确定
代理记账机构每年备案1次
监管单位抽检
根据免学费人员确定时间
根据业务提出申请
根据要求时间
根据申请时间
根据上级业务部门公开时间及时开放
月报更新后
根据上级业务部门补助通知及时开放
根据上级要求开放
根据发布时间
月报发布后
根据信息统计或发布时间
学校网络安全设备配备情况
据信息统计或发布时间
依实际变更
集体合同基本情况登记(企业方)信息
每季度更新一次
检查数据实时录入
依需要
按规定公开
按需发布
年度诸城市农资企业门店（合作社）
上级文件规定，不定期更新
审验完成后，录入信息
以实际申报为准
集体合同备案意见书信息
审批后录入
工资集体协议基本情况登记
根据上级政策规定，不定期更新
集体合同基本情况登记(职工方)信息
审验完成，更新信息。
根据变更情况更新
上级政策规定，不定期更新
根据政策规定，不定期更新
新增企业后及时更新
根据上级文件规定，不定期更新
根据银行网点变更的实际情况进行更新
每当有新证件产生之后，即时更新
监督检查后，更新信息。
不定期上传
上级规定，不定期更新
根据统计局每月发布数据整理
按规定更新
无条件
数据发生变化及时更新
企业通过评定后随时更新
有数据更新立即更新
数据上报潍坊后同步进行更新
公示时更新
变更时更新
政策变化时更新
根据上级培训任务随时上传
参保单位有增减变化时更新
招聘时更新
基数变化时更新
缴费比例调整时更新
公示后更新
有增减变化时更新
人员增减变化时更新
学校清单发生变化及时更新
公示时同步更新
最新一批获评人员名单公布后更新
有新增参保项目时更新
清单发生变化及时更新
评选时更新
单位有增减变化时更新
以最后一次上传数据为准，前期数据无效
有新成立的数字经济企业随时更新
企业通过审定后随时更新
名单公示时更新
上级组织考试时，及时发布相关信息
学校清单变化及时更新
根据泵站增减
变动时更新
名单有增减变化时更新
发放时更新
每次评选结果公布后更新
职业培训学校有增减变化时更新
利率变化时更新
不定期申报审批
有新入选时更新
上级出台该项激励政策时更新
数据上报潍坊时同步更新
无上级命令，不作变更
变化时更新
上级标准变化时更新
学校清单有变动及时更新
组织招聘时更新
信息变动时更新
有新信息及时导入
根据政府投资项目立项情况进行更新
根据办理情况不定期更新
数据变动时更新
调整时及时更新
有变化随时更新
不确定
调整时更新
根据执法检查情况不定期上传
按照最新要求进行更新
审批后录入信息
名单变动时更新
根据行政处罚情况不定期上传
有新信息时及时导入信息
高龄补贴是季度发放
审批后信息录入
按要求进行更新
每年进行更新
有变动的时候更新
有变更时更新
根据实际情况不定时更新
年初
不定时进行更新
无c
根据调整不定期公布
根据实际办件信息更新
不宝期
每年一次培训后进行更新
根据实际工作确定
更新企业
根据实际变化情况更新
居民养老丧葬补助金每年汇总一次
省级技术创新项目名单
成品油经营网点分布管理信息
历年地区生产总值指数信息
历年地区生产总值信息
权责清单目录分表(其他权力类)
昌邑市“十佳”教师、优秀教师、先进工作者评选表彰信息
粮食存储技术规范的监督检查信息
昌邑市行政审批服务局行政执法人员公示
防汛人员信息
车辆更新时更新
昌邑市事业单位设立登记信息
中标公告信息
残疾学生和贫困残疾人子女助学补贴给付信息
储备粮、其他政策性粮食的例行监测
普通高中招生工作相关政策信息
机动车检测机构名录信息
教育公用经费拨付信息
残疾人扶贫救助信息
夏季高考考点考场设置
全市历年农业统计主要指标信息
充电器
不定期监管
农村危房改造信息
成人高考考点考场设置
昌邑市事业单位变更登记信息
对粮食计量标准的监督检查信息
昌邑市事业单位法人注销登记信息
全市历年工业总产值信息
高中学业水平合格考考点考场设置
建设工程档案接收和验收信息
残疾儿童、贫困残疾人康复救助信息
昌邑市委编办“双随机一公开”抽查单位信息
初中信息技术应用水平考试考点考场设置
组织实施残疾人按比例就业信息
建设工程档案报送责任书签订信息
根据实际工作更新
省目录修改后
每年12月底更新数据
每次发证后更新
每年12月份更新数据
根据工作情况不定期发布信息
人口普查数据公开
已申请办理
依据需要更新
不可交换

有自然灾害时统计更新
通邮建制村所属
以后由应急局发
数据有更新时更新
07
1
无
已归档，不再更新
有新执业人员时更新
根据实际变化情况和上级要求进行更新
市级司法行政机关负责初审，省 级司法行政机关最终审核
评选表彰先进集体需市委市政府统筹批准后方可实施
按照机构改革后公布
非实时更新事项
公证机构执业信息每年更新一次
规范性文件出台需履行相关程序
省司法厅统一组织培训考试
按单位规定更新
不定更新
按单位要求更新
依据工作开展情况更新
根据项目申请情况更新
每年更新
根据规划项目的进展情况
较长时间评一次
较长时间调整一次
按照数据产生频率及时更新相关数据
根据业务实际更新
根据业务量产生数据
根据通报随时更新
每年认定一次
根据工作情况调整
每年举办一次
视业务办理频率而定
每年按照省厅安排进行评选，2019年暂停，后续情况视省住建厅安排。
数据在省平台产生
权力移交市行政审批服务局，本单位仅有移交前的历史数据。
按照本市计划而定
按照省计划开展
2020年暂停，后续情况视省住建厅安排。
数据在国家平台产生
按照单位自定义更新
不定时收集信息
业务量较少
数据不定时
社保转移从转出到办结有时限
需要企业提交招聘信息
计算机考试每年一次
德州市主要河流水情历史信息不定期统计
德州市供水量非实时统计
取用水户测点信息没有变化不需要实时更新
用水户不变无法实时更新
水库工情信息基本固定，无新水库建设则没有变化
水土保持项目各县区非实时汇总统计
水利风景区有新的建设才有更新信息
河道堤防信息长时间不变，有变更时才予以更新
大中型水库移民后期扶持以项目为统计
根据工程情况进行统计
该目录不定期产生信息
闸坝信息常年不变
泵站工程有新增建设才有信息更新
取水许可权限已经下放到县里，实际已无审批权限。
德州市水库水情历史信息非实时数据
德州市水利局建设项目的招标情况信息根据项目的进展情况进行更新
河流信息内容基本没有变化
河流信息基本没有变化
德州市用水量相关信息非实时统计
编制全市水利发展规划飞固定时间开展
信息内容基本没有变化
取用水户测站信息没有变化不需要实时更新
河道信息常年不变
水利工程开工备案信息不定期进行综合统计
水利基建项目初步设计文件审批不定期归档统计
不定时更新
不定时产生
根据实际业务更新
按照单位要求
企业信息不定期更新，监测数据实时更新
不定期更行
每半年更新一次
不定期开放
不定期进行预报
年度更新
建设单位自行验收同时将验收相关材料上传至平台
视政策法规变动
不定期更新数据
视企业变动情况
临时销售点更新时间不固定
省级园林式居住区（单位）名单数据较为固定，如有增删将及时更新
主要植物种类较固定
采集以后更新
先进集体名单较固定，如有增删将及时更新
执法人员证件有效期原因
数据更新频率不确定
0
按照上级政策和有关文件执行
省局印发相关通知
企业联络员信息
每年更新新增直销企业联络员信息
按年度更新
数据每年更新
数据不定时更新
数据不定期更新
系统数据不定时更新
系统数据每年更新
省级数据返还，无法实时
数据由下级单位统计报送
2018年以后省级部门组织考核
根据业务办理情况
根据建设单位申请，不定期更新
根据实际情况更新
根据企业申请不定时更新
每年一更新
根据企业申请不定时
根据申请不定期办理
根据企业申请进行不定期更新
根据建设单位申请办理，不定期更新
属于相对固定数据，需要不定期更新
根据学校增减情况更新
依认定情况更新
不定期认定
学校测试不固定
按单位要求
依据上级认定文件要求
根据上级认定文件更新
依据上级文件要求
根据种子机构实际注册情况
根据上级认定文件
每两年评选一次
每三年评选一次
每年评选一次
依据省级认定文件要求
2021年1月1日起执行，有效期一年
依据省级部门认定通知
不定期补充
根据实际情况不定期更新
根据外交部公布而更新
标准更新时间不定
服务网点变化后更新
及时
不确定性
设施维修为持续性工作，根据工作实际情况不定时进行更新
所辖道路相关信息较为固定，如有新的设施移交将及时更新
设施设备信息较为固定，因设施移交、改造等原因，信息发生变化时将及时更新
水体基本信息较为固定，如发生新的整治进度将及时更新
每年评估一次
人员因素不确定
不定期开发
存在情况进行更新
不良行为发生进行更新
条文变更予以更新
数据普查不定时更新
一年一评
人员变动后更新
评选后更新
依上级部门安排
依商会成立、换届时间
依执委会换届、调整时间更新
文化场所数目变更无规律
根据市场经营情况实时更新
随企业双体系建设情况而更新
德城区行业专业性调解组织不定时更新
根据抽查结果更新
德城区行业专业性调解员信息不定时更新
年度汇总归档
单位设立不定期
根据相关政策法规文件更新
根据机电高新企业实际经营情况而定
根据城区加油站实际经营情况而定
档案库房管理信息不定时更新
根据实际工作
本区域诊所固定变动较小
依据政策法规适时更新
根据宾馆实际经营情况而定
随企业信息更新
投稿刊发信息不定时更新
不定期跟新
根据工作开展情况
根据实际经营状况更新
执法人员固定无需实时更新
按企业变动情况填写
根据高新技术企业实际经营情况而定
根据中大型商场实际经营情况而定
支出总体情况预算信息不定时更新
根据上级目录更新周期确定
备案后公示
根据相关政策法规文件每年更新
培训时间多为假期
档案质询服务工作信息不定时更新
创作精品时间不定
根据专业市场实际经营情况而定
免费开放项目比较固定
执法检查结束
根据项目更新
根据便民市场实际营业情况而定
每年发布
经营单位设立不定期
根据智能快件箱实际更新情况而定
根据实际经营情况更新
按上级工作安排
信息汇总
根据巡查情况
根据机电企业实际经营情况而定
根据电子商务企业实际经营情况而定
根据企业情况进行更新
根据零售企业实际经营状况而定
档案馆传统载体档案数字化结果不定时更新
根据国营加油站实际经营情况而定
根据农产品进出口企业实际经营情况而定
一般公共预算基本支出预算信息不定时更新
根据实际经营情况而定
根据集贸市场经营情况而定
不定期申请
根据实际情况开放
新增指标统计档案不具备实时性，需待有新增数据时才能进行更新
非实时更新
定期
时时在变化
/
按实际情况更新
根据全区汽车销售企业的变更来汇总信息
信访信息不定期发生
随数据变化更新
每月更新
数据不定期产生
省级清单认领
收集审核更新完成进行上传
实际市场需求更新
本部门新增
企业自行监测统计信息制作完成进行更新
群众不定期申请
每年统计
河流断面监测信息档案制作完成进行上传
不定期进行信息更新
根据标准物质使用情况不定期更新
根据资质认定情况不定期更新
一年一次普查
根据抽检工作情况不定期更新
活动周期长
每年度
表格制作完成进行更新
每半年一次
随时形成随时更新
根据仪器设备更新情况不定期更新
表格制作完成进行上传
依局办事群众申请频率更新
根据监测情况更新数据
信访事项不定期发生
数据归集时间不固定
不定期归集数据
公租房信息每年进行一次审核
相关数据不定期归集
每年更新信息
存在处罚即更新
依据食品检验结果进行更新
每年度收集归纳信息
地方企业快报《利润及相关指标表》数据字段
1年统计更新1次
依据现实情况不定时更新
每年公示后更新
信息固定
有项目开工建设将进行更新
依政策申请使用管理
依申请备案
依据现场监管信息不定时更新
公开的相关信息不定时更新
限时开放
依据评定实际情况进行更新
不定期查处并汇总更新
不定期收集信息
按文件规定更新
根据实际情况自定义酌情
存在实施项目即更新
燃气企业不定期维护
存在实施项目即进行更新
宁津县分税种财政收入情况
每年信息一归集
公路路线基础信息有变动即更新
照实更新
数据新增
依工作实际
生活必需品市场监测不定期更新
依据实际情况进行更新
非高频事项，不定期更新
依据实际情况
非高频事项，不定期开放
不定时归集
产生数据后更新
节水企业新增时才更新
定期帮扶贫困户
依据实际
非高频事项，不定时更新
每年按工作进展
管网信息变化时才更新
数据不定期汇集更新
洁净庭院 活动登记表非实时更新
营商环境评价政务服务指标样本企业非实时更新
工作需要
法律、法规更新时间不确定
内部资料，更新时间不固定
加油站名单不定期更新
创城分组表非实时更新
年终总结
企业检查基本情况不定期
不定期开展检查
按每年工作情况
随检查更新
进出口企业情况不定期
村庄信息变化时更新
再生资源回收者经营备案不定期
年度更新重污染天气预案修订、预案发布、重污染天气应对等信息
依申请办理
办理成品油零售网点许可证不定期
自定义更新
根据事项办理频率不定期开放
外资企业情况不定期
工会会员列表非实时更新
根据事项的 办理频率，不定期开放
年度更新企业基本信息及主要生产装置、主要产品及产能、主要原辅材料、产排污环节、污染防治设施、环境影响评价等信息
高频事项，不定时更新
全县闸坝信息基本不变，变化时才更新
大中型水库水情不定时更新
不固定更新时间
自建小区疫情防控活动登记表不定期更新
不定期检查
年度更新企业名称、县（市、区）名称、经度、维度、组织机构代码、污染源类别
依据实际检查情况
依申请开放
每年对康复健身指导员信息汇总
非高频事项不定期更新
有则更新
业务不固定
根据开放工作安排
业务不定期考核
业务不定期
月度定期更新
有责更新
不定期整理
招聘结束后
新建时更新
不定期更新土壤墒情监测信息
有则开放
不定期更新农作物种子管理及技术服务信息
申请
不定期更新农产品生产基地信息
不定期统计
周期导出本年度信息
根据实际更新
按审定
定期更新数据
汇总后更新
每半年更新
数据服务不定期
根据实际情况及时更新
更新周期时效
根据公示情况进行更新
信息产生频率慢
每年数据更新
更新时间较慢
五年
更新周期较长
数据更新周期较长
平原县测绘资质单位信息
数据更新时间较长
根据实际情况进行更新
信息更新周期不确定
每半年数据更新
公厕信息更新不频繁
数据更新周期长
不定时开放
根据慰问情况及时更新
农业
不定期开展
畜禽养殖无公害每年申报后，由上级部门评审后确定通过后进行公示
每年中高级职称申报，由人社部门评审后确定是否通过
每月巡河
更新周期长
根据实际统计情况对此进行更新
因业务周期导致
根据业务办理情况及时更新
根据检查行为做出的时间更新
根据公示更新
不连续发生
项目周期较长
根据教职人员的现实情况进行变更
信息产生时间周期较长
项目更新周期慢
根据场所负责人的变更进行更新
根据每年的实际情况进行统计
依据宗教活动场所更新时间进行更新
根据实际情况对企业产品进行统计和公布
根据场所的现实情况作出变更
根据业务情况
信息更新时间长
信息产生的周期较长
违法数据较少
及时归集数据
根据山东省国脉系统数据进行不定期更新
不定期获得荣誉称号
统计更新
重点排污单位企业名录更新
根据特殊教育信息实时更新
根据实际信息更新
有新信息产生及时发布
政务服务事项认领
不定期归集
根据数据信息更新情况，实时更新
根据办理情况
有新内容及时更新
及时开放
根据总量确认数量不定期更新
单位帮扶责任人变化更新
新认定高新技术企业每年一通报
根据上级监测方案进行监测
高新技术企业数量每年已更新
根据归集时间开放共享
签订公开
夏津县二手车经营主体信息
根据业务更新频率
根据政策情况即时更新
根据现实情况进行增减
根据上级文件要求
依统计业务
依系统抓取业务
根据检查业务需要
档案库房温湿度记录表信息为定期检查和不定期抽查产生
根据补助业务需要
依据农户跨区情况而定
根据实际营业情况即时更新
补贴发放后更新
依申请
不定期有数据
根据现实营业情况进行增减
依实际情况更新
根据工作需要
根据实际营业情况进行增减
不定期业务
依据农户购置情况而定
公文不定时更新
以实际情况更新
依选聘业务
本单位新增
按实际
按月统计补卡人员情况
年度汇总
一年一次
业务办理不定期
统计挂失信息后更新
按需
德州市专业技术职务资格评审公布后更新
省级认领
尽快
德州市有突出贡献的技师信息公布后更新
乐陵市技能大师工作室相对固定
根据每年培训情况而定
城建计划发布后更新
检查出擅自从事出租客运经营时进行更新
不定期更新一次
依受理
根据入藏时间更新
根据工作进展情况
人民陪审员名单为上级部门审批确定。
根据情况更新
依受理情况更新
依受理情况
根据人员变更进行更新
年报
根据工作需求
有查出新的改装车时进行更新
按要求更新
根据情况实时更新
根据新增更新
根据评选结果
未有更新
委员会信息无周期性
根据调整更新
申请变更
根据设备情况不定期更新
每3年
目前不开展此工作，有新增后更新
业务已于2019年结束，数据不再更新
下一届企业攀登工程评选后
下一届攀登工程企业评选后
下一届济宁市攀登工程企业评选后
企业淘汰产能完成后更新
每五年一次
系短期政策，数据不再更新
两年一届
业务已下放至县市区，市直不再有业务，数据不再更新
根据业务开展情况
变更时
新增时
社区（村）换届
根据申请办理情况及时更新
根据培训情况及时更新
根据具体情况更新
根据河蟹大赛举办情况进行更新
根据培训情况进行更新
根据调查情况更新
根据组织培训情况更新
根据退休人员情况及时更新
根据名录变化情况及时更新
根据办理情况更新
根据抽检情况更新
根据服务人员变化情况及时更新
根据业务办理情况更新
按照市局规定
不需更新
不重复
随业务变动而更新
根据工作要求更新
按业务工作开展情况更新
按照变动情况更新
按工作开展情况更新
根据工作开展情况更新
根据变动情况更新
按完成情况更新
按办理情况更新
根据实际进行更新
根据推送信息及时更新
根据具体情况
根据检查情况更新
待新进人员进入单位后再更新人员信息
不确定更新周期
根据人员变动情况
根据增加情况更新
根据道路修建情况更新
变动更新
有增加即更新
视情况变动
根据实际变动更新
根据变动更新
按照实际情况不定期更新
根据评选时间
根据工作实际
按照省市开展认定工作时间更新
根据实际情况即时更新
有变更再更新
根据数量增减更新
按照实际情况更新
依据实际比赛情况更新
视具体情况
有更新时
随实际情况更新
不定
如有变化，即时更新
如有变化即时更新
即时更新
暂无
视情况
根据情况
跟据情况
有新表彰时更新
其他周期
其他更新周期
每四年
根据业务不定期
根据业务不定期更新
每年按照实际情况更新
根据需要及时更新
根据来访及时更新
每年按变化更新
根据友好交流开展情况及时更新
及时更新
根据友城变动及时更新
根据交流事项及时更新
根据涉外安全情况及时更新
每年按实际更新
根据调整及时更新
每年按情况更新
按时更新
新信息完成后的20个工作日
信息变更后的20天
信息更改后的20天
信息变更后20个工作日
信息更新后20天内更新
信息更改后
信息变更47后的20天
依据省科技厅每年下达通报的时间更新
及时公示
公办高中学校信息产生变动
评定时间不确定
每年公布一次
按数据变化情况随时更新
根据省档案馆下发名单时间更新
根据工作实际开展情况更新相关信息
根据商会组织变化更新
根据实际工作情况
有相关数据及时上传
有数据及时更新
以每届最美退役军人评选为更新周期
根据每年的评选更新
根据实际需要，不定期更新
根据每年的评价更新
根据上级要求及时更新相关企业名单
发生变化后更新
道路调整后更新
变更后更新
路长变更后更新
工作量变化后更新
工程调整后更新
根据工作进展需要
根据工作情况公开
按评选时间
按变动
按公布时间
按评选
按获批文件出台时间
每两年评选 一次
按聘任时间
不定期更新相关信息
涉及到企业标准变更数据可能需要整理。
根据租赁情况而定
根据办结情况而定
以业务实际产生数据为准
以业务产生数据为准
以实际业务数据产生时间为准
每天更新
根据省科技厅组织开展的时间确定
根据科技部组织开展的时间确定
依据三定方案更新
根据符合条件的企业成立时间
根据省局安排
不定期进行宣传推介全市项目
根据需要对目录自定义更新
有新增地震应急避难场所
有新增省级地震科普示范学校时
根据业务办理情况实时更新
原则上3年一更新，不超过5年
每年申报一次
数据有调整时更新
数据每天更新一次
随时更新
依据住房公积金政策调整
住房公积金业务办理网点地址不定期更新
住房公积金年度信息更新
市公积金中心下属各分支（办事）机构地址
依据住房公积金政策规定进行调整
名人有变动时更新
服务周期3年
按照省厅认定通知，及时更新认定数据。
根据政府公布名录文件更新
随审计法规依据信息更替更新。
实时开放
根据市文化和旅游局公布文件
不定期举行
企业职工正常退休
不定期共享
随年度审计项目计划公开更新
区文化和旅游局公布文件
开放
对外贸易经营者信息不定期更新
不定期进行更新
不定期对目录进行更新
不定期对目录进行更新维护
不定期更新开放数据
不定期评选
无条件开放
不定期公开
根据行政处理数量不定期公开
根据工作安排信息公开
根据医疗机构开通定点医疗服务开放
根据工作安排
根据工作安排都执法人员信息公开
不定期统计公布
不定期对开放目录进行更新
不定期公开目录
根据实际情况不定期开放
每年度更新
每年度开放
依据工作开展情况确定。
依据工作开展情况确定
代理记账机构每年备案1次
监管单位抽检
根据免学费人员确定时间
根据业务提出申请
根据要求时间
根据申请时间
根据上级业务部门公开时间及时开放
月报更新后
根据上级业务部门补助通知及时开放
根据上级要求开放
根据发布时间
月报发布后
根据信息统计或发布时间
学校网络安全设备配备情况
据信息统计或发布时间
依实际变更
集体合同基本情况登记(企业方)信息
每季度更新一次
检查数据实时录入
依需要
按规定公开
按需发布
年度诸城市农资企业门店（合作社）
上级文件规定，不定期更新
审验完成后，录入信息
以实际申报为准
集体合同备案意见书信息
审批后录入
工资集体协议基本情况登记
根据上级政策规定，不定期更新
集体合同基本情况登记(职工方)信息
审验完成，更新信息。
根据变更情况更新
上级政策规定，不定期更新
根据政策规定，不定期更新
新增企业后及时更新
根据上级文件规定，不定期更新
根据银行网点变更的实际情况进行更新
每当有新证件产生之后，即时更新
监督检查后，更新信息。
不定期上传
上级规定，不定期更新
根据统计局每月发布数据整理
按规定更新
无条件
数据发生变化及时更新
企业通过评定后随时更新
有数据更新立即更新
数据上报潍坊后同步进行更新
公示时更新
变更时更新
政策变化时更新
根据上级培训任务随时上传
参保单位有增减变化时更新
招聘时更新
基数变化时更新
缴费比例调整时更新
公示后更新
有增减变化时更新
人员增减变化时更新
学校清单发生变化及时更新
公示时同步更新
最新一批获评人员名单公布后更新
有新增参保项目时更新
清单发生变化及时更新
评选时更新
单位有增减变化时更新
以最后一次上传数据为准，前期数据无效
有新成立的数字经济企业随时更新
企业通过审定后随时更新
名单公示时更新
上级组织考试时，及时发布相关信息
学校清单变化及时更新
根据泵站增减
变动时更新
名单有增减变化时更新
发放时更新
每次评选结果公布后更新
职业培训学校有增减变化时更新
利率变化时更新
不定期申报审批
有新入选时更新
上级出台该项激励政策时更新
数据上报潍坊时同步更新
无上级命令，不作变更
变化时更新
上级标准变化时更新
学校清单有变动及时更新
组织招聘时更新
信息变动时更新
有新信息及时导入
根据政府投资项目立项情况进行更新
根据办理情况不定期更新
数据变动时更新
调整时及时更新
有变化随时更新
不确定
调整时更新
根据执法检查情况不定期上传
按照最新要求进行更新
审批后录入信息
名单变动时更新
根据行政处罚情况不定期上传
有新信息时及时导入信息
高龄补贴是季度发放
审批后信息录入
按要求进行更新
每年进行更新
有变动的时候更新
有变更时更新
根据实际情况不定时更新
年初
不定时进行更新
无c
根据调整不定期公布
根据实际办件信息更新
不宝期
每年一次培训后进行更新
根据实际工作确定
更新企业
根据实际变化情况更新
居民养老丧葬补助金每年汇总一次
省级技术创新项目名单
成品油经营网点分布管理信息
历年地区生产总值指数信息
历年地区生产总值信息
权责清单目录分表(其他权力类)
昌邑市“十佳”教师、优秀教师、先进工作者评选表彰信息
粮食存储技术规范的监督检查信息
昌邑市行政审批服务局行政执法人员公示
防汛人员信息
车辆更新时更新
昌邑市事业单位设立登记信息
中标公告信息
残疾学生和贫困残疾人子女助学补贴给付信息
储备粮、其他政策性粮食的例行监测
普通高中招生工作相关政策信息
机动车检测机构名录信息
教育公用经费拨付信息
残疾人扶贫救助信息
夏季高考考点考场设置
全市历年农业统计主要指标信息
充电器
不定期监管
农村危房改造信息
成人高考考点考场设置
昌邑市事业单位变更登记信息
对粮食计量标准的监督检查信息
昌邑市事业单位法人注销登记信息
全市历年工业总产值信息
高中学业水平合格考考点考场设置
建设工程档案接收和验收信息
残疾儿童、贫困残疾人康复救助信息
昌邑市委编办“双随机一公开”抽查单位信息
初中信息技术应用水平考试考点考场设置
组织实施残疾人按比例就业信息
建设工程档案报送责任书签订信息
根据实际工作更新
省目录修改后
每年12月底更新数据
每次发证后更新
每年12月份更新数据
根据工作情况不定期发布信息
人口普查数据公开
已申请办理
依据需要更新
不可交换

有自然灾害时统计更新
通邮建制村所属
以后由应急局发
数据有更新时更新
07
1
无
已归档，不再更新
有新执业人员时更新
根据实际变化情况和上级要求进行更新
市级司法行政机关负责初审，省 级司法行政机关最终审核
评选表彰先进集体需市委市政府统筹批准后方可实施
按照机构改革后公布
非实时更新事项
公证机构执业信息每年更新一次
规范性文件出台需履行相关程序
省司法厅统一组织培训考试
按单位规定更新
不定更新
按单位要求更新
依据工作开展情况更新
根据项目申请情况更新
每年更新
根据规划项目的进展情况
较长时间评一次
较长时间调整一次
按照数据产生频率及时更新相关数据
根据业务实际更新
根据业务量产生数据
根据通报随时更新
每年认定一次
根据工作情况调整
每年举办一次
视业务办理频率而定
每年按照省厅安排进行评选，2019年暂停，后续情况视省住建厅安排。
数据在省平台产生
权力移交市行政审批服务局，本单位仅有移交前的历史数据。
按照本市计划而定
按照省计划开展
2020年暂停，后续情况视省住建厅安排。
数据在国家平台产生
按照单位自定义更新
不定时收集信息
业务量较少
数据不定时
社保转移从转出到办结有时限
需要企业提交招聘信息
计算机考试每年一次
德州市主要河流水情历史信息不定期统计
德州市供水量非实时统计
取用水户测点信息没有变化不需要实时更新
用水户不变无法实时更新
水库工情信息基本固定，无新水库建设则没有变化
水土保持项目各县区非实时汇总统计
水利风景区有新的建设才有更新信息
河道堤防信息长时间不变，有变更时才予以更新
大中型水库移民后期扶持以项目为统计
根据工程情况进行统计
该目录不定期产生信息
闸坝信息常年不变
泵站工程有新增建设才有信息更新
取水许可权限已经下放到县里，实际已无审批权限。
德州市水库水情历史信息非实时数据
德州市水利局建设项目的招标情况信息根据项目的进展情况进行更新
河流信息内容基本没有变化
河流信息基本没有变化
德州市用水量相关信息非实时统计
编制全市水利发展规划飞固定时间开展
信息内容基本没有变化
取用水户测站信息没有变化不需要实时更新
河道信息常年不变
水利工程开工备案信息不定期进行综合统计
水利基建项目初步设计文件审批不定期归档统计
不定时更新
不定时产生
根据实际业务更新
按照单位要求
企业信息不定期更新，监测数据实时更新
不定期更行
每半年更新一次
不定期开放
不定期进行预报
年度更新
建设单位自行验收同时将验收相关材料上传至平台
视政策法规变动
不定期更新数据
视企业变动情况
临时销售点更新时间不固定
省级园林式居住区（单位）名单数据较为固定，如有增删将及时更新
主要植物种类较固定
采集以后更新
先进集体名单较固定，如有增删将及时更新
执法人员证件有效期原因
数据更新频率不确定
0
按照上级政策和有关文件执行
省局印发相关通知
企业联络员信息
每年更新新增直销企业联络员信息
按年度更新
数据每年更新
数据不定时更新
数据不定期更新
系统数据不定时更新
系统数据每年更新
省级数据返还，无法实时
数据由下级单位统计报送
2018年以后省级部门组织考核
根据业务办理情况
根据建设单位申请，不定期更新
根据实际情况更新
根据企业申请不定时更新
每年一更新
根据企业申请不定时
根据申请不定期办理
根据企业申请进行不定期更新
根据建设单位申请办理，不定期更新
属于相对固定数据，需要不定期更新
根据学校增减情况更新
依认定情况更新
不定期认定
学校测试不固定
按单位要求
依据上级认定文件要求
根据上级认定文件更新
依据上级文件要求
根据种子机构实际注册情况
根据上级认定文件
每两年评选一次
每三年评选一次
每年评选一次
依据省级认定文件要求
2021年1月1日起执行，有效期一年
依据省级部门认定通知
不定期补充
根据实际情况不定期更新
根据外交部公布而更新
标准更新时间不定
服务网点变化后更新
及时
不确定性
设施维修为持续性工作，根据工作实际情况不定时进行更新
所辖道路相关信息较为固定，如有新的设施移交将及时更新
设施设备信息较为固定，因设施移交、改造等原因，信息发生变化时将及时更新
水体基本信息较为固定，如发生新的整治进度将及时更新
每年评估一次
人员因素不确定
不定期开发
存在情况进行更新
不良行为发生进行更新
条文变更予以更新
数据普查不定时更新
一年一评
人员变动后更新
评选后更新
依上级部门安排
依商会成立、换届时间
依执委会换届、调整时间更新
文化场所数目变更无规律
根据市场经营情况实时更新
随企业双体系建设情况而更新
德城区行业专业性调解组织不定时更新
根据抽查结果更新
德城区行业专业性调解员信息不定时更新
年度汇总归档
单位设立不定期
根据相关政策法规文件更新
根据机电高新企业实际经营情况而定
根据城区加油站实际经营情况而定
档案库房管理信息不定时更新
根据实际工作
本区域诊所固定变动较小
依据政策法规适时更新
根据宾馆实际经营情况而定
随企业信息更新
投稿刊发信息不定时更新
不定期跟新
根据工作开展情况
根据实际经营状况更新
执法人员固定无需实时更新
按企业变动情况填写
根据高新技术企业实际经营情况而定
根据中大型商场实际经营情况而定
支出总体情况预算信息不定时更新
根据上级目录更新周期确定
备案后公示
根据相关政策法规文件每年更新
培训时间多为假期
档案质询服务工作信息不定时更新
创作精品时间不定
根据专业市场实际经营情况而定
免费开放项目比较固定
执法检查结束
根据项目更新
根据便民市场实际营业情况而定
每年发布
经营单位设立不定期
根据智能快件箱实际更新情况而定
根据实际经营情况更新
按上级工作安排
信息汇总
根据巡查情况
根据机电企业实际经营情况而定
根据电子商务企业实际经营情况而定
根据企业情况进行更新
根据零售企业实际经营状况而定
档案馆传统载体档案数字化结果不定时更新
根据国营加油站实际经营情况而定
根据农产品进出口企业实际经营情况而定
一般公共预算基本支出预算信息不定时更新
根据实际经营情况而定
根据集贸市场经营情况而定
不定期申请
根据实际情况开放
新增指标统计档案不具备实时性，需待有新增数据时才能进行更新
非实时更新
定期
时时在变化
/
按实际情况更新
根据全区汽车销售企业的变更来汇总信息
信访信息不定期发生
随数据变化更新
每月更新
数据不定期产生
省级清单认领
收集审核更新完成进行上传
实际市场需求更新
本部门新增
企业自行监测统计信息制作完成进行更新
群众不定期申请
每年统计
河流断面监测信息档案制作完成进行上传
不定期进行信息更新
根据标准物质使用情况不定期更新
根据资质认定情况不定期更新
一年一次普查
根据抽检工作情况不定期更新
活动周期长
每年度
表格制作完成进行更新
每半年一次
随时形成随时更新
根据仪器设备更新情况不定期更新
表格制作完成进行上传
依局办事群众申请频率更新
根据监测情况更新数据
信访事项不定期发生
数据归集时间不固定
不定期归集数据
公租房信息每年进行一次审核
相关数据不定期归集
每年更新信息
存在处罚即更新
依据食品检验结果进行更新
每年度收集归纳信息
地方企业快报《利润及相关指标表》数据字段
1年统计更新1次
依据现实情况不定时更新
每年公示后更新
信息固定
有项目开工建设将进行更新
依政策申请使用管理
依申请备案
依据现场监管信息不定时更新
公开的相关信息不定时更新
限时开放
依据评定实际情况进行更新
不定期查处并汇总更新
不定期收集信息
按文件规定更新
根据实际情况自定义酌情
存在实施项目即更新
燃气企业不定期维护
存在实施项目即进行更新
宁津县分税种财政收入情况
每年信息一归集
公路路线基础信息有变动即更新
照实更新
数据新增
依工作实际
生活必需品市场监测不定期更新
依据实际情况进行更新
非高频事项，不定期更新
依据实际情况
非高频事项，不定期开放
不定时归集
产生数据后更新
节水企业新增时才更新
定期帮扶贫困户
依据实际
非高频事项，不定时更新
每年按工作进展
管网信息变化时才更新
数据不定期汇集更新
洁净庭院 活动登记表非实时更新
营商环境评价政务服务指标样本企业非实时更新
工作需要
法律、法规更新时间不确定
内部资料，更新时间不固定
加油站名单不定期更新
创城分组表非实时更新
年终总结
企业检查基本情况不定期
不定期开展检查
按每年工作情况
随检查更新
进出口企业情况不定期
村庄信息变化时更新
再生资源回收者经营备案不定期
年度更新重污染天气预案修订、预案发布、重污染天气应对等信息
依申请办理
办理成品油零售网点许可证不定期
自定义更新
根据事项办理频率不定期开放
外资企业情况不定期
工会会员列表非实时更新
根据事项的 办理频率，不定期开放
年度更新企业基本信息及主要生产装置、主要产品及产能、主要原辅材料、产排污环节、污染防治设施、环境影响评价等信息
高频事项，不定时更新
全县闸坝信息基本不变，变化时才更新
大中型水库水情不定时更新
不固定更新时间
自建小区疫情防控活动登记表不定期更新
不定期检查
年度更新企业名称、县（市、区）名称、经度、维度、组织机构代码、污染源类别
依据实际检查情况
依申请开放
每年对康复健身指导员信息汇总
非高频事项不定期更新
有则更新
业务不固定
根据开放工作安排
业务不定期考核
业务不定期
月度定期更新
有责更新
不定期整理
招聘结束后
新建时更新
不定期更新土壤墒情监测信息
有则开放
不定期更新农作物种子管理及技术服务信息
申请
不定期更新农产品生产基地信息
不定期统计
周期导出本年度信息
根据实际更新
按审定
定期更新数据
汇总后更新
每半年更新
数据服务不定期
根据实际情况及时更新
更新周期时效
根据公示情况进行更新
信息产生频率慢
每年数据更新
更新时间较慢
五年
更新周期较长
数据更新周期较长
平原县测绘资质单位信息
数据更新时间较长
根据实际情况进行更新
信息更新周期不确定
每半年数据更新
公厕信息更新不频繁
数据更新周期长
不定时开放
根据慰问情况及时更新
农业
不定期开展
畜禽养殖无公害每年申报后，由上级部门评审后确定通过后进行公示
每年中高级职称申报，由人社部门评审后确定是否通过
每月巡河
更新周期长
根据实际统计情况对此进行更新
因业务周期导致
根据业务办理情况及时更新
根据检查行为做出的时间更新
根据公示更新
不连续发生
项目周期较长
根据教职人员的现实情况进行变更
信息产生时间周期较长
项目更新周期慢
根据场所负责人的变更进行更新
根据每年的实际情况进行统计
依据宗教活动场所更新时间进行更新
根据实际情况对企业产品进行统计和公布
根据场所的现实情况作出变更
根据业务情况
信息更新时间长
信息产生的周期较长
违法数据较少
及时归集数据
根据山东省国脉系统数据进行不定期更新
不定期获得荣誉称号
统计更新
重点排污单位企业名录更新
根据特殊教育信息实时更新
根据实际信息更新
有新信息产生及时发布
政务服务事项认领
不定期归集
根据数据信息更新情况，实时更新
根据办理情况
有新内容及时更新
及时开放
根据总量确认数量不定期更新
单位帮扶责任人变化更新
新认定高新技术企业每年一通报
根据上级监测方案进行监测
高新技术企业数量每年已更新
根据归集时间开放共享
签订公开
夏津县二手车经营主体信息
根据业务更新频率
根据政策情况即时更新
根据现实情况进行增减
根据上级文件要求
依统计业务
依系统抓取业务
根据检查业务需要
档案库房温湿度记录表信息为定期检查和不定期抽查产生
根据补助业务需要
依据农户跨区情况而定
根据实际营业情况即时更新
补贴发放后更新
依申请
不定期有数据
根据现实营业情况进行增减
依实际情况更新
根据工作需要
根据实际营业情况进行增减
不定期业务
依据农户购置情况而定
公文不定时更新
以实际情况更新
依选聘业务
本单位新增
按实际
按月统计补卡人员情况
年度汇总
一年一次
业务办理不定期
统计挂失信息后更新
按需
德州市专业技术职务资格评审公布后更新
省级认领
尽快
德州市有突出贡献的技师信息公布后更新
乐陵市技能大师工作室相对固定
根据每年培训情况而定
城建计划发布后更新
检查出擅自从事出租客运经营时进行更新
不定期更新一次
依受理
根据入藏时间更新
根据工作进展情况
人民陪审员名单为上级部门审批确定。
根据情况更新
依受理情况更新
依受理情况
根据人员变更进行更新
年报
根据工作需求
有查出新的改装车时进行更新
按要求更新
根据情况实时更新
根据新增更新
根据评选结果
未有更新
委员会信息无周期性
根据调整更新
申请变更
根据设备情况不定期更新
每3年
目前不开展此工作，有新增后更新
业务已于2019年结束，数据不再更新
下一届企业攀登工程评选后
下一届攀登工程企业评选后
下一届济宁市攀登工程企业评选后
企业淘汰产能完成后更新
每五年一次
系短期政策，数据不再更新
两年一届
业务已下放至县市区，市直不再有业务，数据不再更新
根据业务开展情况
变更时
新增时
社区（村）换届
根据申请办理情况及时更新
根据培训情况及时更新
根据具体情况更新
根据河蟹大赛举办情况进行更新
根据培训情况进行更新
根据调查情况更新
根据组织培训情况更新
根据退休人员情况及时更新
根据名录变化情况及时更新
根据办理情况更新
根据抽检情况更新
根据服务人员变化情况及时更新
根据业务办理情况更新
按照市局规定
不需更新
不重复
随业务变动而更新
根据工作要求更新
按业务工作开展情况更新
按照变动情况更新
按工作开展情况更新
根据工作开展情况更新
根据变动情况更新
按完成情况更新
按办理情况更新
根据实际进行更新
根据推送信息及时更新
根据具体情况
根据检查情况更新
待新进人员进入单位后再更新人员信息
不确定更新周期
根据人员变动情况
根据增加情况更新
根据道路修建情况更新
变动更新
有增加即更新
视情况变动
根据实际变动更新
根据变动更新
按照实际情况不定期更新
根据评选时间
根据工作实际
按照省市开展认定工作时间更新
根据实际情况即时更新
有变更再更新
根据数量增减更新
按照实际情况更新
依据实际比赛情况更新
视具体情况
有更新时
随实际情况更新
不定
如有变化，即时更新
如有变化即时更新
即时更新
暂无
视情况
根据情况
跟据情况
有新表彰时更新
其他周期
其他更新周期
每四年
根据业务不定期
根据业务不定期更新
每年按照实际情况更新
根据需要及时更新
根据来访及时更新
每年按变化更新
根据友好交流开展情况及时更新
及时更新
根据友城变动及时更新
根据交流事项及时更新
根据涉外安全情况及时更新
每年按实际更新
根据调整及时更新
每年按情况更新
按时更新
新信息完成后的20个工作日
信息变更后的20天
信息更改后的20天
信息变更后20个工作日
信息更新后20天内更新
信息更改后
信息变更47后的20天
依据省科技厅每年下达通报的时间更新
及时公示
公办高中学校信息产生变动
评定时间不确定
每年公布一次
按数据变化情况随时更新
根据省档案馆下发名单时间更新
根据工作实际开展情况更新相关信息
根据商会组织变化更新
根据实际工作情况
有相关数据及时上传
有数据及时更新
以每届最美退役军人评选为更新周期
根据每年的评选更新
根据实际需要，不定期更新
根据每年的评价更新
根据上级要求及时更新相关企业名单
发生变化后更新
道路调整后更新
变更后更新
路长变更后更新
工作量变化后更新
工程调整后更新
根据工作进展需要
根据工作情况公开
按评选时间
按变动
按公布时间
按评选
按获批文件出台时间
每两年评选 一次
按聘任时间
不定期更新相关信息
涉及到企业标准变更数据可能需要整理。
根据租赁情况而定
根据办结情况而定
以业务实际产生数据为准
以业务产生数据为准
以实际业务数据产生时间为准
每天更新
根据省科技厅组织开展的时间确定
根据科技部组织开展的时间确定
依据三定方案更新
根据符合条件的企业成立时间
根据省局安排
不定期进行宣传推介全市项目
根据需要对目录自定义更新
有新增地震应急避难场所
有新增省级地震科普示范学校时
根据业务办理情况实时更新
原则上3年一更新，不超过5年
每年申报一次
数据有调整时更新
数据每天更新一次
随时更新
依据住房公积金政策调整
住房公积金业务办理网点地址不定期更新
住房公积金年度信息更新
市公积金中心下属各分支（办事）机构地址
依据住房公积金政策规定进行调整
名人有变动时更新
服务周期3年
按照省厅认定通知，及时更新认定数据。
根据政府公布名录文件更新
随审计法规依据信息更替更新。
实时开放
根据市文化和旅游局公布文件
不定期举行
企业职工正常退休
不定期共享
随年度审计项目计划公开更新
区文化和旅游局公布文件
开放
对外贸易经营者信息不定期更新
不定期进行更新
不定期对目录进行更新
不定期对目录进行更新维护
不定期更新开放数据
不定期评选
无条件开放
不定期公开
根据行政处理数量不定期公开
根据工作安排信息公开
根据医疗机构开通定点医疗服务开放
根据工作安排
根据工作安排都执法人员信息公开
不定期统计公布
不定期对开放目录进行更新
不定期公开目录
根据实际情况不定期开放
每年度更新
每年度开放
依据工作开展情况确定。
依据工作开展情况确定
代理记账机构每年备案1次
监管单位抽检
根据免学费人员确定时间
根据业务提出申请
根据要求时间
根据申请时间
根据上级业务部门公开时间及时开放
月报更新后
根据上级业务部门补助通知及时开放
根据上级要求开放
根据发布时间
月报发布后
根据信息统计或发布时间
学校网络安全设备配备情况
据信息统计或发布时间
依实际变更
集体合同基本情况登记(企业方)信息
每季度更新一次
检查数据实时录入
依需要
按规定公开
按需发布
年度诸城市农资企业门店（合作社）
上级文件规定，不定期更新
审验完成后，录入信息
以实际申报为准
集体合同备案意见书信息
审批后录入
工资集体协议基本情况登记
根据上级政策规定，不定期更新
集体合同基本情况登记(职工方)信息
审验完成，更新信息。
根据变更情况更新
上级政策规定，不定期更新
根据政策规定，不定期更新
新增企业后及时更新
根据上级文件规定，不定期更新
根据银行网点变更的实际情况进行更新
每当有新证件产生之后，即时更新
监督检查后，更新信息。
不定期上传
上级规定，不定期更新
根据统计局每月发布数据整理
按规定更新
无条件
数据发生变化及时更新
企业通过评定后随时更新
有数据更新立即更新
数据上报潍坊后同步进行更新
公示时更新
变更时更新
政策变化时更新
根据上级培训任务随时上传
参保单位有增减变化时更新
招聘时更新
基数变化时更新
缴费比例调整时更新
公示后更新
有增减变化时更新
人员增减变化时更新
学校清单发生变化及时更新
公示时同步更新
最新一批获评人员名单公布后更新
有新增参保项目时更新
清单发生变化及时更新
评选时更新
单位有增减变化时更新
以最后一次上传数据为准，前期数据无效
有新成立的数字经济企业随时更新
企业通过审定后随时更新
名单公示时更新
上级组织考试时，及时发布相关信息
学校清单变化及时更新
根据泵站增减
变动时更新
名单有增减变化时更新
发放时更新
每次评选结果公布后更新
职业培训学校有增减变化时更新
利率变化时更新
不定期申报审批
有新入选时更新
上级出台该项激励政策时更新
数据上报潍坊时同步更新
无上级命令，不作变更
变化时更新
上级标准变化时更新
学校清单有变动及时更新
组织招聘时更新
信息变动时更新
有新信息及时导入
根据政府投资项目立项情况进行更新
根据办理情况不定期更新
数据变动时更新
调整时及时更新
有变化随时更新
不确定
调整时更新
根据执法检查情况不定期上传
按照最新要求进行更新
审批后录入信息
名单变动时更新
根据行政处罚情况不定期上传
有新信息时及时导入信息
高龄补贴是季度发放
审批后信息录入
按要求进行更新
每年进行更新
有变动的时候更新
有变更时更新
根据实际情况不定时更新
年初
不定时进行更新
无c
根据调整不定期公布
根据实际办件信息更新
不宝期
每年一次培训后进行更新
根据实际工作确定
更新企业
根据实际变化情况更新
居民养老丧葬补助金每年汇总一次
省级技术创新项目名单
成品油经营网点分布管理信息
历年地区生产总值指数信息
历年地区生产总值信息
权责清单目录分表(其他权力类)
昌邑市“十佳”教师、优秀教师、先进工作者评选表彰信息
粮食存储技术规范的监督检查信息
昌邑市行政审批服务局行政执法人员公示
防汛人员信息
车辆更新时更新
昌邑市事业单位设立登记信息
中标公告信息
残疾学生和贫困残疾人子女助学补贴给付信息
储备粮、其他政策性粮食的例行监测
普通高中招生工作相关政策信息
机动车检测机构名录信息
教育公用经费拨付信息
残疾人扶贫救助信息
夏季高考考点考场设置
全市历年农业统计主要指标信息
充电器
不定期监管
农村危房改造信息
成人高考考点考场设置
昌邑市事业单位变更登记信息
对粮食计量标准的监督检查信息
昌邑市事业单位法人注销登记信息
全市历年工业总产值信息
高中学业水平合格考考点考场设置
建设工程档案接收和验收信息
残疾儿童、贫困残疾人康复救助信息
昌邑市委编办“双随机一公开”抽查单位信息
初中信息技术应用水平考试考点考场设置
组织实施残疾人按比例就业信息
建设工程档案报送责任书签订信息
根据实际工作更新
省目录修改后
每年12月底更新数据
每次发证后更新
每年12月份更新数据
根据工作情况不定期发布信息
人口普查数据公开
已申请办理
依据需要更新
不可交换

有自然灾害时统计更新
通邮建制村所属
以后由应急局发
数据有更新时更新
07
1
无
已归档，不再更新
有新执业人员时更新
根据实际变化情况和上级要求进行更新
市级司法行政机关负责初审，省 级司法行政机关最终审核
评选表彰先进集体需市委市政府统筹批准后方可实施
按照机构改革后公布
非实时更新事项
公证机构执业信息每年更新一次
规范性文件出台需履行相关程序
省司法厅统一组织培训考试
按单位规定更新
不定更新
按单位要求更新
依据工作开展情况更新
根据项目申请情况更新
每年更新
根据规划项目的进展情况
较长时间评一次
较长时间调整一次
按照数据产生频率及时更新相关数据
根据业务实际更新
根据业务量产生数据
根据通报随时更新
每年认定一次
根据工作情况调整
每年举办一次
视业务办理频率而定
每年按照省厅安排进行评选，2019年暂停，后续情况视省住建厅安排。
数据在省平台产生
权力移交市行政审批服务局，本单位仅有移交前的历史数据。
按照本市计划而定
按照省计划开展
2020年暂停，后续情况视省住建厅安排。
数据在国家平台产生
按照单位自定义更新
不定时收集信息
业务量较少
数据不定时
社保转移从转出到办结有时限
需要企业提交招聘信息
计算机考试每年一次
德州市主要河流水情历史信息不定期统计
德州市供水量非实时统计
取用水户测点信息没有变化不需要实时更新
用水户不变无法实时更新
水库工情信息基本固定，无新水库建设则没有变化
水土保持项目各县区非实时汇总统计
水利风景区有新的建设才有更新信息
河道堤防信息长时间不变，有变更时才予以更新
大中型水库移民后期扶持以项目为统计
根据工程情况进行统计
该目录不定期产生信息
闸坝信息常年不变
泵站工程有新增建设才有信息更新
取水许可权限已经下放到县里，实际已无审批权限。
德州市水库水情历史信息非实时数据
德州市水利局建设项目的招标情况信息根据项目的进展情况进行更新
河流信息内容基本没有变化
河流信息基本没有变化
德州市用水量相关信息非实时统计
编制全市水利发展规划飞固定时间开展
信息内容基本没有变化
取用水户测站信息没有变化不需要实时更新
河道信息常年不变
水利工程开工备案信息不定期进行综合统计
水利基建项目初步设计文件审批不定期归档统计
不定时更新
不定时产生
根据实际业务更新
按照单位要求
企业信息不定期更新，监测数据实时更新
不定期更行
每半年更新一次
不定期开放
不定期进行预报
年度更新
建设单位自行验收同时将验收相关材料上传至平台
视政策法规变动
不定期更新数据
视企业变动情况
临时销售点更新时间不固定
省级园林式居住区（单位）名单数据较为固定，如有增删将及时更新
主要植物种类较固定
采集以后更新
先进集体名单较固定，如有增删将及时更新
执法人员证件有效期原因
数据更新频率不确定
0
按照上级政策和有关文件执行
省局印发相关通知
企业联络员信息
每年更新新增直销企业联络员信息
按年度更新
数据每年更新
数据不定时更新
数据不定期更新
系统数据不定时更新
系统数据每年更新
省级数据返还，无法实时
数据由下级单位统计报送
2018年以后省级部门组织考核
根据业务办理情况
根据建设单位申请，不定期更新
根据实际情况更新
根据企业申请不定时更新
每年一更新
根据企业申请不定时
根据申请不定期办理
根据企业申请进行不定期更新
根据建设单位申请办理，不定期更新
属于相对固定数据，需要不定期更新
根据学校增减情况更新
依认定情况更新
不定期认定
学校测试不固定
按单位要求
依据上级认定文件要求
根据上级认定文件更新
依据上级文件要求
根据种子机构实际注册情况
根据上级认定文件
每两年评选一次
每三年评选一次
每年评选一次
依据省级认定文件要求
2021年1月1日起执行，有效期一年
依据省级部门认定通知
不定期补充
根据实际情况不定期更新
根据外交部公布而更新
标准更新时间不定
服务网点变化后更新
及时
不确定性
设施维修为持续性工作，根据工作实际情况不定时进行更新
所辖道路相关信息较为固定，如有新的设施移交将及时更新
设施设备信息较为固定，因设施移交、改造等原因，信息发生变化时将及时更新
水体基本信息较为固定，如发生新的整治进度将及时更新
每年评估一次
人员因素不确定
不定期开发
存在情况进行更新
不良行为发生进行更新
条文变更予以更新
数据普查不定时更新
一年一评
人员变动后更新
评选后更新
依上级部门安排
依商会成立、换届时间
依执委会换届、调整时间更新
文化场所数目变更无规律
根据市场经营情况实时更新
随企业双体系建设情况而更新
德城区行业专业性调解组织不定时更新
根据抽查结果更新
德城区行业专业性调解员信息不定时更新
年度汇总归档
单位设立不定期
根据相关政策法规文件更新
根据机电高新企业实际经营情况而定
根据城区加油站实际经营情况而定
档案库房管理信息不定时更新
根据实际工作
本区域诊所固定变动较小
依据政策法规适时更新
根据宾馆实际经营情况而定
随企业信息更新
投稿刊发信息不定时更新
不定期跟新
根据工作开展情况
根据实际经营状况更新
执法人员固定无需实时更新
按企业变动情况填写
根据高新技术企业实际经营情况而定
根据中大型商场实际经营情况而定
支出总体情况预算信息不定时更新
根据上级目录更新周期确定
备案后公示
根据相关政策法规文件每年更新
培训时间多为假期
档案质询服务工作信息不定时更新
创作精品时间不定
根据专业市场实际经营情况而定
免费开放项目比较固定
执法检查结束
根据项目更新
根据便民市场实际营业情况而定
每年发布
经营单位设立不定期
根据智能快件箱实际更新情况而定
根据实际经营情况更新
按上级工作安排
信息汇总
根据巡查情况
根据机电企业实际经营情况而定
根据电子商务企业实际经营情况而定
根据企业情况进行更新
根据零售企业实际经营状况而定
档案馆传统载体档案数字化结果不定时更新
根据国营加油站实际经营情况而定
根据农产品进出口企业实际经营情况而定
一般公共预算基本支出预算信息不定时更新
根据实际经营情况而定
根据集贸市场经营情况而定
不定期申请
根据实际情况开放
新增指标统计档案不具备实时性，需待有新增数据时才能进行更新
非实时更新
定期
时时在变化
/
按实际情况更新
根据全区汽车销售企业的变更来汇总信息
信访信息不定期发生
随数据变化更新
每月更新
数据不定期产生
省级清单认领
收集审核更新完成进行上传
实际市场需求更新
本部门新增
企业自行监测统计信息制作完成进行更新
群众不定期申请
每年统计
河流断面监测信息档案制作完成进行上传
不定期进行信息更新
根据标准物质使用情况不定期更新
根据资质认定情况不定期更新
一年一次普查
根据抽检工作情况不定期更新
活动周期长
每年度
表格制作完成进行更新
每半年一次
随时形成随时更新
根据仪器设备更新情况不定期更新
表格制作完成进行上传
依局办事群众申请频率更新
根据监测情况更新数据
信访事项不定期发生
数据归集时间不固定
不定期归集数据
公租房信息每年进行一次审核
相关数据不定期归集
每年更新信息
存在处罚即更新
依据食品检验结果进行更新
每年度收集归纳信息
地方企业快报《利润及相关指标表》数据字段
1年统计更新1次
依据现实情况不定时更新
每年公示后更新
信息固定
有项目开工建设将进行更新
依政策申请使用管理
依申请备案
依据现场监管信息不定时更新
公开的相关信息不定时更新
限时开放
依据评定实际情况进行更新
不定期查处并汇总更新
不定期收集信息
按文件规定更新
根据实际情况自定义酌情
存在实施项目即更新
燃气企业不定期维护
存在实施项目即进行更新
宁津县分税种财政收入情况
每年信息一归集
公路路线基础信息有变动即更新
照实更新
数据新增
依工作实际
生活必需品市场监测不定期更新
依据实际情况进行更新
非高频事项，不定期更新
依据实际情况
非高频事项，不定期开放
不定时归集
产生数据后更新
节水企业新增时才更新
定期帮扶贫困户
依据实际
非高频事项，不定时更新
每年按工作进展
管网信息变化时才更新
数据不定期汇集更新
洁净庭院 活动登记表非实时更新
营商环境评价政务服务指标样本企业非实时更新
工作需要
法律、法规更新时间不确定
内部资料，更新时间不固定
加油站名单不定期更新
创城分组表非实时更新
年终总结
企业检查基本情况不定期
不定期开展检查
按每年工作情况
随检查更新
进出口企业情况不定期
村庄信息变化时更新
再生资源回收者经营备案不定期
年度更新重污染天气预案修订、预案发布、重污染天气应对等信息
依申请办理
办理成品油零售网点许可证不定期
自定义更新
根据事项办理频率不定期开放
外资企业情况不定期
工会会员列表非实时更新
根据事项的 办理频率，不定期开放
年度更新企业基本信息及主要生产装置、主要产品及产能、主要原辅材料、产排污环节、污染防治设施、环境影响评价等信息
高频事项，不定时更新
全县闸坝信息基本不变，变化时才更新
大中型水库水情不定时更新
不固定更新时间
自建小区疫情防控活动登记表不定期更新
不定期检查
年度更新企业名称、县（市、区）名称、经度、维度、组织机构代码、污染源类别
依据实际检查情况
依申请开放
每年对康复健身指导员信息汇总
非高频事项不定期更新
有则更新
业务不固定
根据开放工作安排
业务不定期考核
业务不定期
月度定期更新
有责更新
不定期整理
招聘结束后
新建时更新
不定期更新土壤墒情监测信息
有则开放
不定期更新农作物种子管理及技术服务信息
申请
不定期更新农产品生产基地信息
不定期统计
周期导出本年度信息
根据实际更新
按审定
定期更新数据
汇总后更新
每半年更新
数据服务不定期
根据实际情况及时更新
更新周期时效
根据公示情况进行更新
信息产生频率慢
每年数据更新
更新时间较慢
五年
更新周期较长
数据更新周期较长
平原县测绘资质单位信息
数据更新时间较长
根据实际情况进行更新
信息更新周期不确定
每半年数据更新
公厕信息更新不频繁
数据更新周期长
不定时开放
根据慰问情况及时更新
农业
不定期开展
畜禽养殖无公害每年申报后，由上级部门评审后确定通过后进行公示
每年中高级职称申报，由人社部门评审后确定是否通过
每月巡河
更新周期长
根据实际统计情况对此进行更新
因业务周期导致
根据业务办理情况及时更新
根据检查行为做出的时间更新
根据公示更新
不连续发生
项目周期较长
根据教职人员的现实情况进行变更
信息产生时间周期较长
项目更新周期慢
根据场所负责人的变更进行更新
根据每年的实际情况进行统计
依据宗教活动场所更新时间进行更新
根据实际情况对企业产品进行统计和公布
根据场所的现实情况作出变更
根据业务情况
信息更新时间长
信息产生的周期较长
违法数据较少
及时归集数据
根据山东省国脉系统数据进行不定期更新
不定期获得荣誉称号
统计更新
重点排污单位企业名录更新
根据特殊教育信息实时更新
根据实际信息更新
有新信息产生及时发布
政务服务事项认领
不定期归集
根据数据信息更新情况，实时更新
根据办理情况
有新内容及时更新
及时开放
根据总量确认数量不定期更新
单位帮扶责任人变化更新
新认定高新技术企业每年一通报
根据上级监测方案进行监测
高新技术企业数量每年已更新
根据归集时间开放共享
签订公开
夏津县二手车经营主体信息
根据业务更新频率
根据政策情况即时更新
根据现实情况进行增减
根据上级文件要求
依统计业务
依系统抓取业务
根据检查业务需要
档案库房温湿度记录表信息为定期检查和不定期抽查产生
根据补助业务需要
依据农户跨区情况而定
根据实际营业情况即时更新
补贴发放后更新
依申请
不定期有数据
根据现实营业情况进行增减
依实际情况更新
根据工作需要
根据实际营业情况进行增减
不定期业务
依据农户购置情况而定
公文不定时更新
以实际情况更新
依选聘业务
本单位新增
按实际
按月统计补卡人员情况
年度汇总
一年一次
业务办理不定期
统计挂失信息后更新
按需
德州市专业技术职务资格评审公布后更新
省级认领
尽快
德州市有突出贡献的技师信息公布后更新
乐陵市技能大师工作室相对固定
根据每年培训情况而定
城建计划发布后更新
检查出擅自从事出租客运经营时进行更新
不定期更新一次
依受理
根据入藏时间更新
根据工作进展情况
人民陪审员名单为上级部门审批确定。
根据情况更新
依受理情况更新
依受理情况
根据人员变更进行更新
年报
根据工作需求
有查出新的改装车时进行更新
按要求更新
根据情况实时更新
根据新增更新
根据评选结果
未有更新
委员会信息无周期性
根据调整更新
申请变更
根据设备情况不定期更新
每3年
目前不开展此工作，有新增后更新
业务已于2019年结束，数据不再更新
下一届企业攀登工程评选后
下一届攀登工程企业评选后
下一届济宁市攀登工程企业评选后
企业淘汰产能完成后更新
每五年一次
系短期政策，数据不再更新
两年一届
业务已下放至县市区，市直不再有业务，数据不再更新
根据业务开展情况
变更时
新增时
社区（村）换届
根据申请办理情况及时更新
根据培训情况及时更新
根据具体情况更新
根据河蟹大赛举办情况进行更新
根据培训情况进行更新
根据调查情况更新
根据组织培训情况更新
根据退休人员情况及时更新
根据名录变化情况及时更新
根据办理情况更新
根据抽检情况更新
根据服务人员变化情况及时更新
根据业务办理情况更新
按照市局规定
不需更新
不重复
随业务变动而更新
根据工作要求更新
按业务工作开展情况更新
按照变动情况更新
按工作开展情况更新
根据工作开展情况更新
根据变动情况更新
按完成情况更新
按办理情况更新
根据实际进行更新
根据推送信息及时更新
根据具体情况
根据检查情况更新
待新进人员进入单位后再更新人员信息
不确定更新周期
根据人员变动情况
根据增加情况更新
根据道路修建情况更新
变动更新
有增加即更新
视情况变动
根据实际变动更新
根据变动更新
按照实际情况不定期更新
根据评选时间
根据工作实际
按照省市开展认定工作时间更新
根据实际情况即时更新
有变更再更新
根据数量增减更新
按照实际情况更新
依据实际比赛情况更新
视具体情况
有更新时
随实际情况更新
不定
如有变化，即时更新
如有变化即时更新
即时更新
暂无
视情况
根据情况
跟据情况
有新表彰时更新
其他周期
其他更新周期
每四年
根据业务不定期
根据业务不定期更新
每年按照实际情况更新
根据需要及时更新
根据来访及时更新
每年按变化更新
根据友好交流开展情况及时更新
及时更新
根据友城变动及时更新
根据交流事项及时更新
根据涉外安全情况及时更新
每年按实际更新
根据调整及时更新
每年按情况更新
按时更新
新信息完成后的20个工作日
信息变更后的20天
信息更改后的20天
信息变更后20个工作日
信息更新后20天内更新
信息更改后
信息变更47后的20天
依据省科技厅每年下达通报的时间更新
及时公示
公办高中学校信息产生变动
评定时间不确定
每年公布一次
按数据变化情况随时更新
根据省档案馆下发名单时间更新
根据工作实际开展情况更新相关信息
根据商会组织变化更新
根据实际工作情况
有相关数据及时上传
有数据及时更新
以每届最美退役军人评选为更新周期
根据每年的评选更新
根据实际需要，不定期更新
根据每年的评价更新
根据上级要求及时更新相关企业名单
发生变化后更新
道路调整后更新
变更后更新
路长变更后更新
工作量变化后更新
工程调整后更新
根据工作进展需要
根据工作情况公开
按评选时间
按变动
按公布时间
按评选
按获批文件出台时间
每两年评选 一次
按聘任时间
不定期更新相关信息
涉及到企业标准变更数据可能需要整理。
根据租赁情况而定
根据办结情况而定
以业务实际产生数据为准
以业务产生数据为准
以实际业务数据产生时间为准
每天更新
根据省科技厅组织开展的时间确定
根据科技部组织开展的时间确定
依据三定方案更新
根据符合条件的企业成立时间
根据省局安排
不定期进行宣传推介全市项目
根据需要对目录自定义更新
有新增地震应急避难场所
有新增省级地震科普示范学校时
根据业务办理情况实时更新
原则上3年一更新，不超过5年
每年申报一次
数据有调整时更新
数据每天更新一次
随时更新
依据住房公积金政策调整
住房公积金业务办理网点地址不定期更新
住房公积金年度信息更新
市公积金中心下属各分支（办事）机构地址
依据住房公积金政策规定进行调整
名人有变动时更新
服务周期3年
按照省厅认定通知，及时更新认定数据。
根据政府公布名录文件更新
随审计法规依据信息更替更新。
实时开放
根据市文化和旅游局公布文件
不定期举行
企业职工正常退休
不定期共享
随年度审计项目计划公开更新
区文化和旅游局公布文件
开放
对外贸易经营者信息不定期更新
不定期进行更新
不定期对目录进行更新
不定期对目录进行更新维护
不定期更新开放数据
不定期评选
无条件开放
不定期公开
根据行政处理数量不定期公开
根据工作安排信息公开
根据医疗机构开通定点医疗服务开放
根据工作安排
根据工作安排都执法人员信息公开
不定期统计公布
不定期对开放目录进行更新
不定期公开目录
根据实际情况不定期开放
每年度更新
每年度开放
依据工作开展情况确定。
依据工作开展情况确定
代理记账机构每年备案1次
监管单位抽检
根据免学费人员确定时间
根据业务提出申请
根据要求时间
根据申请时间
根据上级业务部门公开时间及时开放
月报更新后
根据上级业务部门补助通知及时开放
根据上级要求开放
根据发布时间
月报发布后
根据信息统计或发布时间
学校网络安全设备配备情况
据信息统计或发布时间
依实际变更
集体合同基本情况登记(企业方)信息
每季度更新一次
检查数据实时录入
依需要
按规定公开
按需发布
年度诸城市农资企业门店（合作社）
上级文件规定，不定期更新
审验完成后，录入信息
以实际申报为准
集体合同备案意见书信息
审批后录入
工资集体协议基本情况登记
根据上级政策规定，不定期更新
集体合同基本情况登记(职工方)信息
审验完成，更新信息。
根据变更情况更新
上级政策规定，不定期更新
根据政策规定，不定期更新
新增企业后及时更新
根据上级文件规定，不定期更新
根据银行网点变更的实际情况进行更新
每当有新证件产生之后，即时更新
监督检查后，更新信息。
不定期上传
上级规定，不定期更新
根据统计局每月发布数据整理
按规定更新
无条件
数据发生变化及时更新
企业通过评定后随时更新
有数据更新立即更新
数据上报潍坊后同步进行更新
公示时更新
变更时更新
政策变化时更新
根据上级培训任务随时上传
参保单位有增减变化时更新
招聘时更新
基数变化时更新
缴费比例调整时更新
公示后更新
有增减变化时更新
人员增减变化时更新
学校清单发生变化及时更新
公示时同步更新
最新一批获评人员名单公布后更新
有新增参保项目时更新
清单发生变化及时更新
评选时更新
单位有增减变化时更新
以最后一次上传数据为准，前期数据无效
有新成立的数字经济企业随时更新
企业通过审定后随时更新
名单公示时更新
上级组织考试时，及时发布相关信息
学校清单变化及时更新
根据泵站增减
变动时更新
名单有增减变化时更新
发放时更新
每次评选结果公布后更新
职业培训学校有增减变化时更新
利率变化时更新
不定期申报审批
有新入选时更新
上级出台该项激励政策时更新
数据上报潍坊时同步更新
无上级命令，不作变更
变化时更新
上级标准变化时更新
学校清单有变动及时更新
组织招聘时更新
信息变动时更新
有新信息及时导入
根据政府投资项目立项情况进行更新
根据办理情况不定期更新
数据变动时更新
调整时及时更新
有变化随时更新
不确定
调整时更新
根据执法检查情况不定期上传
按照最新要求进行更新
审批后录入信息
名单变动时更新
根据行政处罚情况不定期上传
有新信息时及时导入信息
高龄补贴是季度发放
审批后信息录入
按要求进行更新
每年进行更新
有变动的时候更新
有变更时更新
根据实际情况不定时更新
年初
不定时进行更新
无c
根据调整不定期公布
根据实际办件信息更新
不宝期
每年一次培训后进行更新
根据实际工作确定
更新企业
根据实际变化情况更新
居民养老丧葬补助金每年汇总一次
省级技术创新项目名单
成品油经营网点分布管理信息
历年地区生产总值指数信息
历年地区生产总值信息
权责清单目录分表(其他权力类)
昌邑市“十佳”教师、优秀教师、先进工作者评选表彰信息
粮食存储技术规范的监督检查信息
昌邑市行政审批服务局行政执法人员公示
防汛人员信息
车辆更新时更新
昌邑市事业单位设立登记信息
中标公告信息
残疾学生和贫困残疾人子女助学补贴给付信息
储备粮、其他政策性粮食的例行监测
普通高中招生工作相关政策信息
机动车检测机构名录信息
教育公用经费拨付信息
残疾人扶贫救助信息
夏季高考考点考场设置
全市历年农业统计主要指标信息
充电器
不定期监管
农村危房改造信息
成人高考考点考场设置
昌邑市事业单位变更登记信息
对粮食计量标准的监督检查信息
昌邑市事业单位法人注销登记信息
全市历年工业总产值信息
高中学业水平合格考考点考场设置
建设工程档案接收和验收信息
残疾儿童、贫困残疾人康复救助信息
昌邑市委编办“双随机一公开”抽查单位信息
初中信息技术应用水平考试考点考场设置
组织实施残疾人按比例就业信息
建设工程档案报送责任书签订信息
根据实际工作更新
省目录修改后
每年12月底更新数据
每次发证后更新
每年12月份更新数据
根据工作情况不定期发布信息
人口普查数据公开
已申请办理
依据需要更新
不可交换
自定义：工业总量不对外
自定义：投资总量数据不对外
实时 (更新说明:暂无新业务数据产生)
2年
3年
用户自定义
三年
有变动时更新
不定期，有变动时更新
数据截至2020年
有变化时更新
按需更新
工业总量不对外
投资总量数据不对外

10年
每个评选周期
5年
五年
0
不在此平台更新
不在此平台发布更新
两年
有新许可单位时
开展新一轮评选后更新
新增数据后更新
新增后更新
静态文件不更新
不定时更新
产生新数据时更新
无需更新
有新数据时更新
不定时
每5年
历史数据不更新
无变化不更新
有新的类型再进行更新
有自然灾害时统计更新
人口普查工作开展时更
每次普查结果实时更新
申请维修支出时查询
有案件更新时更新数据
高院发布数据时更新
有普查更新时更新
普查时更新
有更新时更新
通邮建制村所属
发生实际变更时
按批复文进行更新
根据实际情况
以后由应急管理局发
以后由应急局发
数据有更新时更新
实时 (更新说明:暂无新业务数据产生)
